This is pdfTeX, Version 3.141592653-2.6-1.40.28 (TeX Live 2025) (preloaded format=pdflatex 2025.10.25)  17 NOV 2025 10:58
entering extended mode
 restricted \write18 enabled.
 %&-line parsing enabled.
**Unidade_VI.tex
(./Unidade_VI.tex
LaTeX2e <2025-06-01> patch level 1
L3 programming layer <2025-10-09>
(c:/Users/jafio/AppData/Roaming/TinyTeX/texmf-dist/tex/latex/beamer/beamer.cls
Document Class: beamer 2025/08/13 v3.76 A class for typesetting presentations
(c:/Users/jafio/AppData/Roaming/TinyTeX/texmf-dist/tex/latex/beamer/beamerbasemodes.sty (c:/Users/jafio/AppData/Roaming/TinyTeX/texmf-dist/tex/latex/etoolbox/etoolbox.sty
Package: etoolbox 2025/10/02 v2.5m e-TeX tools for LaTeX (JAW)
\etb@tempcnta=\count275
)
\beamer@tempbox=\box53
\beamer@tempcount=\count276
\c@beamerpauses=\count277
(c:/Users/jafio/AppData/Roaming/TinyTeX/texmf-dist/tex/latex/beamer/beamerbasedecode.sty
\beamer@slideinframe=\count278
\beamer@minimum=\count279
\beamer@decode@box=\box54
)
\beamer@commentbox=\box55
\beamer@modecount=\count280
) (c:/Users/jafio/AppData/Roaming/TinyTeX/texmf-dist/tex/generic/iftex/iftex.sty
Package: iftex 2024/12/12 v1.0g TeX engine tests
)
\headdp=\dimen148
\footheight=\dimen149
\sidebarheight=\dimen150
\beamer@tempdim=\dimen151
\beamer@finalheight=\dimen152
\beamer@animht=\dimen153
\beamer@animdp=\dimen154
\beamer@animwd=\dimen155
\beamer@leftmargin=\dimen156
\beamer@rightmargin=\dimen157
\beamer@leftsidebar=\dimen158
\beamer@rightsidebar=\dimen159
\beamer@boxsize=\dimen160
\beamer@vboxoffset=\dimen161
\beamer@descdefault=\dimen162
\beamer@descriptionwidth=\dimen163
\beamer@lastskip=\skip49
\beamer@areabox=\box56
\beamer@animcurrent=\box57
\beamer@animshowbox=\box58
\beamer@sectionbox=\box59
\beamer@logobox=\box60
\beamer@linebox=\box61
\beamer@sectioncount=\count281
\beamer@subsubsectionmax=\count282
\beamer@subsectionmax=\count283
\beamer@sectionmax=\count284
\beamer@totalheads=\count285
\beamer@headcounter=\count286
\beamer@partstartpage=\count287
\beamer@sectionstartpage=\count288
\beamer@subsectionstartpage=\count289
\beamer@animationtempa=\count290
\beamer@animationtempb=\count291
\beamer@xpos=\count292
\beamer@ypos=\count293
\beamer@ypos@offset=\count294
\beamer@showpartnumber=\count295
\beamer@currentsubsection=\count296
\beamer@coveringdepth=\count297
\beamer@sectionadjust=\count298
\beamer@toclastsection=\count299
\beamer@tocsectionnumber=\count300
(c:/Users/jafio/AppData/Roaming/TinyTeX/texmf-dist/tex/latex/beamer/beamerbaseoptions.sty (c:/Users/jafio/AppData/Roaming/TinyTeX/texmf-dist/tex/latex/graphics/keyval.sty
Package: keyval 2022/05/29 v1.15 key=value parser (DPC)
\KV@toks@=\toks17
))
\beamer@paperwidth=\skip50
\beamer@paperheight=\skip51
(c:/Users/jafio/AppData/Roaming/TinyTeX/texmf-dist/tex/latex/geometry/geometry.sty
Package: geometry 2020/01/02 v5.9 Page Geometry
(c:/Users/jafio/AppData/Roaming/TinyTeX/texmf-dist/tex/generic/iftex/ifvtex.sty
Package: ifvtex 2019/10/25 v1.7 ifvtex legacy package. Use iftex instead.
)
\Gm@cnth=\count301
\Gm@cntv=\count302
\c@Gm@tempcnt=\count303
\Gm@bindingoffset=\dimen164
\Gm@wd@mp=\dimen165
\Gm@odd@mp=\dimen166
\Gm@even@mp=\dimen167
\Gm@layoutwidth=\dimen168
\Gm@layoutheight=\dimen169
\Gm@layouthoffset=\dimen170
\Gm@layoutvoffset=\dimen171
\Gm@dimlist=\toks18
) (c:/Users/jafio/AppData/Roaming/TinyTeX/texmf-dist/tex/latex/pgf/math/pgfmath.sty (c:/Users/jafio/AppData/Roaming/TinyTeX/texmf-dist/tex/latex/pgf/utilities/pgfrcs.sty (c:/Users/jafio/AppData/Roaming/TinyTeX/texmf-dist/tex/generic/pgf/utilities/pgfutil-common.tex
\pgfutil@everybye=\toks19
\pgfutil@tempdima=\dimen172
\pgfutil@tempdimb=\dimen173
) (c:/Users/jafio/AppData/Roaming/TinyTeX/texmf-dist/tex/generic/pgf/utilities/pgfutil-latex.def
\pgfutil@abb=\box62
) (c:/Users/jafio/AppData/Roaming/TinyTeX/texmf-dist/tex/generic/pgf/utilities/pgfrcs.code.tex (c:/Users/jafio/AppData/Roaming/TinyTeX/texmf-dist/tex/generic/pgf/pgf.revision.tex)
Package: pgfrcs 2025-08-29 v3.1.11a (3.1.11a)
)) (c:/Users/jafio/AppData/Roaming/TinyTeX/texmf-dist/tex/latex/pgf/utilities/pgfkeys.sty (c:/Users/jafio/AppData/Roaming/TinyTeX/texmf-dist/tex/generic/pgf/utilities/pgfkeys.code.tex
\pgfkeys@pathtoks=\toks20
\pgfkeys@temptoks=\toks21
(c:/Users/jafio/AppData/Roaming/TinyTeX/texmf-dist/tex/generic/pgf/utilities/pgfkeyslibraryfiltered.code.tex
\pgfkeys@tmptoks=\toks22
))) (c:/Users/jafio/AppData/Roaming/TinyTeX/texmf-dist/tex/generic/pgf/math/pgfmath.code.tex (c:/Users/jafio/AppData/Roaming/TinyTeX/texmf-dist/tex/generic/pgf/math/pgfmathutil.code.tex
\pgf@x=\dimen174
\pgf@xa=\dimen175
\pgf@xb=\dimen176
\pgf@xc=\dimen177
\pgf@y=\dimen178
\pgf@ya=\dimen179
\pgf@yb=\dimen180
\pgf@yc=\dimen181
\c@pgf@counta=\count304
\c@pgf@countb=\count305
\c@pgf@countc=\count306
\c@pgf@countd=\count307
) (c:/Users/jafio/AppData/Roaming/TinyTeX/texmf-dist/tex/generic/pgf/math/pgfmathparser.code.tex
\pgfmath@dimen=\dimen182
\pgfmath@count=\count308
\pgfmath@box=\box63
\pgfmath@toks=\toks23
\pgfmath@stack@operand=\toks24
\pgfmath@stack@operation=\toks25
) (c:/Users/jafio/AppData/Roaming/TinyTeX/texmf-dist/tex/generic/pgf/math/pgfmathfunctions.code.tex) (c:/Users/jafio/AppData/Roaming/TinyTeX/texmf-dist/tex/generic/pgf/math/pgfmathfunctions.basic.code.tex) (c:/Users/jafio/AppData/Roaming/TinyTeX/texmf-dist/tex/generic/pgf/math/pgfmathfunctions.trigonometric.code.tex) (c:/Users/jafio/AppData/Roaming/TinyTeX/texmf-dist/tex/generic/pgf/math/pgfmathfunctions.random.code.tex) (c:/Users/jafio/AppData/Roaming/TinyTeX/texmf-dist/tex/generic/pgf/math/pgfmathfunctions.comparison.code.tex) (c:/Users/jafio/AppData/Roaming/TinyTeX/texmf-dist/tex/generic/pgf/math/pgfmathfunctions.base.code.tex) (c:/Users/jafio/AppData/Roaming/TinyTeX/texmf-dist/tex/generic/pgf/math/pgfmathfunctions.round.code.tex) (c:/Users/jafio/AppData/Roaming/TinyTeX/texmf-dist/tex/generic/pgf/math/pgfmathfunctions.misc.code.tex) (c:/Users/jafio/AppData/Roaming/TinyTeX/texmf-dist/tex/generic/pgf/math/pgfmathfunctions.integerarithmetics.code.tex) (c:/Users/jafio/AppData/Roaming/TinyTeX/texmf-dist/tex/generic/pgf/math/pgfmathcalc.code.tex) (c:/Users/jafio/AppData/Roaming/TinyTeX/texmf-dist/tex/generic/pgf/math/pgfmathfloat.code.tex
\c@pgfmathroundto@lastzeros=\count309
))) (c:/Users/jafio/AppData/Roaming/TinyTeX/texmf-dist/tex/latex/base/size10.clo
File: size10.clo 2025/01/22 v1.4n Standard LaTeX file (size option)
) (c:/Users/jafio/AppData/Roaming/TinyTeX/texmf-dist/tex/latex/pgf/basiclayer/pgfcore.sty (c:/Users/jafio/AppData/Roaming/TinyTeX/texmf-dist/tex/latex/graphics/graphicx.sty
Package: graphicx 2024/12/31 v1.2e Enhanced LaTeX Graphics (DPC,SPQR)
(c:/Users/jafio/AppData/Roaming/TinyTeX/texmf-dist/tex/latex/graphics/graphics.sty
Package: graphics 2024/08/06 v1.4g Standard LaTeX Graphics (DPC,SPQR)
(c:/Users/jafio/AppData/Roaming/TinyTeX/texmf-dist/tex/latex/graphics/trig.sty
Package: trig 2023/12/02 v1.11 sin cos tan (DPC)
) (c:/Users/jafio/AppData/Roaming/TinyTeX/texmf-dist/tex/latex/graphics-cfg/graphics.cfg
File: graphics.cfg 2016/06/04 v1.11 sample graphics configuration
)
Package graphics Info: Driver file: pdftex.def on input line 106.
(c:/Users/jafio/AppData/Roaming/TinyTeX/texmf-dist/tex/latex/graphics-def/pdftex.def
File: pdftex.def 2025/09/29 v1.2d Graphics/color driver for pdftex
))
\Gin@req@height=\dimen183
\Gin@req@width=\dimen184
) (c:/Users/jafio/AppData/Roaming/TinyTeX/texmf-dist/tex/latex/pgf/systemlayer/pgfsys.sty (c:/Users/jafio/AppData/Roaming/TinyTeX/texmf-dist/tex/generic/pgf/systemlayer/pgfsys.code.tex
Package: pgfsys 2025-08-29 v3.1.11a (3.1.11a)
\pgf@x=\dimen185
\pgf@y=\dimen186
\pgf@xa=\dimen187
\pgf@ya=\dimen188
\pgf@xb=\dimen189
\pgf@yb=\dimen190
\pgf@xc=\dimen191
\pgf@yc=\dimen192
\pgf@xd=\dimen193
\pgf@yd=\dimen194
\w@pgf@writea=\write3
\r@pgf@reada=\read2
\c@pgf@counta=\count310
\c@pgf@countb=\count311
\c@pgf@countc=\count312
\c@pgf@countd=\count313
\t@pgf@toka=\toks26
\t@pgf@tokb=\toks27
\t@pgf@tokc=\toks28
\pgf@sys@id@count=\count314
(c:/Users/jafio/AppData/Roaming/TinyTeX/texmf-dist/tex/generic/pgf/systemlayer/pgf.cfg
File: pgf.cfg 2025-08-29 v3.1.11a (3.1.11a)
)
Driver file for pgf: pgfsys-pdftex.def
(c:/Users/jafio/AppData/Roaming/TinyTeX/texmf-dist/tex/generic/pgf/systemlayer/pgfsys-pdftex.def
File: pgfsys-pdftex.def 2025-08-29 v3.1.11a (3.1.11a)
(c:/Users/jafio/AppData/Roaming/TinyTeX/texmf-dist/tex/generic/pgf/systemlayer/pgfsys-common-pdf.def
File: pgfsys-common-pdf.def 2025-08-29 v3.1.11a (3.1.11a)
))) (c:/Users/jafio/AppData/Roaming/TinyTeX/texmf-dist/tex/generic/pgf/systemlayer/pgfsyssoftpath.code.tex
File: pgfsyssoftpath.code.tex 2025-08-29 v3.1.11a (3.1.11a)
\pgfsyssoftpath@smallbuffer@items=\count315
\pgfsyssoftpath@bigbuffer@items=\count316
) (c:/Users/jafio/AppData/Roaming/TinyTeX/texmf-dist/tex/generic/pgf/systemlayer/pgfsysprotocol.code.tex
File: pgfsysprotocol.code.tex 2025-08-29 v3.1.11a (3.1.11a)
)) (c:/Users/jafio/AppData/Roaming/TinyTeX/texmf-dist/tex/latex/xcolor/xcolor.sty
Package: xcolor 2024/09/29 v3.02 LaTeX color extensions (UK)
(c:/Users/jafio/AppData/Roaming/TinyTeX/texmf-dist/tex/latex/graphics-cfg/color.cfg
File: color.cfg 2016/01/02 v1.6 sample color configuration
)
Package xcolor Info: Driver file: pdftex.def on input line 274.
(c:/Users/jafio/AppData/Roaming/TinyTeX/texmf-dist/tex/latex/graphics/mathcolor.ltx)
Package xcolor Info: Model `cmy' substituted by `cmy0' on input line 1349.
Package xcolor Info: Model `hsb' substituted by `rgb' on input line 1353.
Package xcolor Info: Model `RGB' extended on input line 1365.
Package xcolor Info: Model `HTML' substituted by `rgb' on input line 1367.
Package xcolor Info: Model `Hsb' substituted by `hsb' on input line 1368.
Package xcolor Info: Model `tHsb' substituted by `hsb' on input line 1369.
Package xcolor Info: Model `HSB' substituted by `hsb' on input line 1370.
Package xcolor Info: Model `Gray' substituted by `gray' on input line 1371.
Package xcolor Info: Model `wave' substituted by `hsb' on input line 1372.
) (c:/Users/jafio/AppData/Roaming/TinyTeX/texmf-dist/tex/generic/pgf/basiclayer/pgfcore.code.tex
Package: pgfcore 2025-08-29 v3.1.11a (3.1.11a)
(c:/Users/jafio/AppData/Roaming/TinyTeX/texmf-dist/tex/generic/pgf/math/pgfint.code.tex) (c:/Users/jafio/AppData/Roaming/TinyTeX/texmf-dist/tex/generic/pgf/basiclayer/pgfcorepoints.code.tex
File: pgfcorepoints.code.tex 2025-08-29 v3.1.11a (3.1.11a)
\pgf@picminx=\dimen195
\pgf@picmaxx=\dimen196
\pgf@picminy=\dimen197
\pgf@picmaxy=\dimen198
\pgf@pathminx=\dimen199
\pgf@pathmaxx=\dimen256
\pgf@pathminy=\dimen257
\pgf@pathmaxy=\dimen258
\pgf@xx=\dimen259
\pgf@xy=\dimen260
\pgf@yx=\dimen261
\pgf@yy=\dimen262
\pgf@zx=\dimen263
\pgf@zy=\dimen264
) (c:/Users/jafio/AppData/Roaming/TinyTeX/texmf-dist/tex/generic/pgf/basiclayer/pgfcorepathconstruct.code.tex
File: pgfcorepathconstruct.code.tex 2025-08-29 v3.1.11a (3.1.11a)
\pgf@path@lastx=\dimen265
\pgf@path@lasty=\dimen266
) (c:/Users/jafio/AppData/Roaming/TinyTeX/texmf-dist/tex/generic/pgf/basiclayer/pgfcorepathusage.code.tex
File: pgfcorepathusage.code.tex 2025-08-29 v3.1.11a (3.1.11a)
\pgf@shorten@end@additional=\dimen267
\pgf@shorten@start@additional=\dimen268
) (c:/Users/jafio/AppData/Roaming/TinyTeX/texmf-dist/tex/generic/pgf/basiclayer/pgfcorescopes.code.tex
File: pgfcorescopes.code.tex 2025-08-29 v3.1.11a (3.1.11a)
\pgfpic=\box64
\pgf@hbox=\box65
\pgf@layerbox@main=\box66
\pgf@picture@serial@count=\count317
) (c:/Users/jafio/AppData/Roaming/TinyTeX/texmf-dist/tex/generic/pgf/basiclayer/pgfcoregraphicstate.code.tex
File: pgfcoregraphicstate.code.tex 2025-08-29 v3.1.11a (3.1.11a)
\pgflinewidth=\dimen269
) (c:/Users/jafio/AppData/Roaming/TinyTeX/texmf-dist/tex/generic/pgf/basiclayer/pgfcoretransformations.code.tex
File: pgfcoretransformations.code.tex 2025-08-29 v3.1.11a (3.1.11a)
\pgf@pt@x=\dimen270
\pgf@pt@y=\dimen271
\pgf@pt@temp=\dimen272
) (c:/Users/jafio/AppData/Roaming/TinyTeX/texmf-dist/tex/generic/pgf/basiclayer/pgfcorequick.code.tex
File: pgfcorequick.code.tex 2025-08-29 v3.1.11a (3.1.11a)
) (c:/Users/jafio/AppData/Roaming/TinyTeX/texmf-dist/tex/generic/pgf/basiclayer/pgfcoreobjects.code.tex
File: pgfcoreobjects.code.tex 2025-08-29 v3.1.11a (3.1.11a)
) (c:/Users/jafio/AppData/Roaming/TinyTeX/texmf-dist/tex/generic/pgf/basiclayer/pgfcorepathprocessing.code.tex
File: pgfcorepathprocessing.code.tex 2025-08-29 v3.1.11a (3.1.11a)
) (c:/Users/jafio/AppData/Roaming/TinyTeX/texmf-dist/tex/generic/pgf/basiclayer/pgfcorearrows.code.tex
File: pgfcorearrows.code.tex 2025-08-29 v3.1.11a (3.1.11a)
\pgfarrowsep=\dimen273
) (c:/Users/jafio/AppData/Roaming/TinyTeX/texmf-dist/tex/generic/pgf/basiclayer/pgfcoreshade.code.tex
File: pgfcoreshade.code.tex 2025-08-29 v3.1.11a (3.1.11a)
\pgf@max=\dimen274
\pgf@sys@shading@range@num=\count318
\pgf@shadingcount=\count319
) (c:/Users/jafio/AppData/Roaming/TinyTeX/texmf-dist/tex/generic/pgf/basiclayer/pgfcoreimage.code.tex
File: pgfcoreimage.code.tex 2025-08-29 v3.1.11a (3.1.11a)
) (c:/Users/jafio/AppData/Roaming/TinyTeX/texmf-dist/tex/generic/pgf/basiclayer/pgfcoreexternal.code.tex
File: pgfcoreexternal.code.tex 2025-08-29 v3.1.11a (3.1.11a)
\pgfexternal@startupbox=\box67
) (c:/Users/jafio/AppData/Roaming/TinyTeX/texmf-dist/tex/generic/pgf/basiclayer/pgfcorelayers.code.tex
File: pgfcorelayers.code.tex 2025-08-29 v3.1.11a (3.1.11a)
) (c:/Users/jafio/AppData/Roaming/TinyTeX/texmf-dist/tex/generic/pgf/basiclayer/pgfcoretransparency.code.tex
File: pgfcoretransparency.code.tex 2025-08-29 v3.1.11a (3.1.11a)
) (c:/Users/jafio/AppData/Roaming/TinyTeX/texmf-dist/tex/generic/pgf/basiclayer/pgfcorepatterns.code.tex
File: pgfcorepatterns.code.tex 2025-08-29 v3.1.11a (3.1.11a)
) (c:/Users/jafio/AppData/Roaming/TinyTeX/texmf-dist/tex/generic/pgf/basiclayer/pgfcorerdf.code.tex
File: pgfcorerdf.code.tex 2025-08-29 v3.1.11a (3.1.11a)
))) (c:/Users/jafio/AppData/Roaming/TinyTeX/texmf-dist/tex/latex/pgf/utilities/xxcolor.sty
Package: xxcolor 2003/10/24 ver 0.1
\XC@nummixins=\count320
\XC@countmixins=\count321
) (c:/Users/jafio/AppData/Roaming/TinyTeX/texmf-dist/tex/latex/base/atbegshi-ltx.sty
Package: atbegshi-ltx 2021/01/10 v1.0c Emulation of the original atbegshi
package with kernel methods
) (c:/Users/jafio/AppData/Roaming/TinyTeX/texmf-dist/tex/latex/hyperref/hyperref.sty
Package: hyperref 2025-07-12 v7.01o Hypertext links for LaTeX
(c:/Users/jafio/AppData/Roaming/TinyTeX/texmf-dist/tex/latex/kvsetkeys/kvsetkeys.sty
Package: kvsetkeys 2022-10-05 v1.19 Key value parser (HO)
) (c:/Users/jafio/AppData/Roaming/TinyTeX/texmf-dist/tex/generic/kvdefinekeys/kvdefinekeys.sty
Package: kvdefinekeys 2019-12-19 v1.6 Define keys (HO)
) (c:/Users/jafio/AppData/Roaming/TinyTeX/texmf-dist/tex/generic/pdfescape/pdfescape.sty
Package: pdfescape 2019/12/09 v1.15 Implements pdfTeX's escape features (HO)
(c:/Users/jafio/AppData/Roaming/TinyTeX/texmf-dist/tex/generic/ltxcmds/ltxcmds.sty
Package: ltxcmds 2023-12-04 v1.26 LaTeX kernel commands for general use (HO)
) (c:/Users/jafio/AppData/Roaming/TinyTeX/texmf-dist/tex/generic/pdftexcmds/pdftexcmds.sty
Package: pdftexcmds 2020-06-27 v0.33 Utility functions of pdfTeX for LuaTeX (HO)
(c:/Users/jafio/AppData/Roaming/TinyTeX/texmf-dist/tex/generic/infwarerr/infwarerr.sty
Package: infwarerr 2019/12/03 v1.5 Providing info/warning/error messages (HO)
)
Package pdftexcmds Info: \pdf@primitive is available.
Package pdftexcmds Info: \pdf@ifprimitive is available.
Package pdftexcmds Info: \pdfdraftmode found.
)) (c:/Users/jafio/AppData/Roaming/TinyTeX/texmf-dist/tex/latex/hycolor/hycolor.sty
Package: hycolor 2020-01-27 v1.10 Color options for hyperref/bookmark (HO)
) (c:/Users/jafio/AppData/Roaming/TinyTeX/texmf-dist/tex/latex/hyperref/nameref.sty
Package: nameref 2025-06-21 v2.57 Cross-referencing by name of section
(c:/Users/jafio/AppData/Roaming/TinyTeX/texmf-dist/tex/latex/refcount/refcount.sty
Package: refcount 2019/12/15 v3.6 Data extraction from label references (HO)
) (c:/Users/jafio/AppData/Roaming/TinyTeX/texmf-dist/tex/generic/gettitlestring/gettitlestring.sty
Package: gettitlestring 2019/12/15 v1.6 Cleanup title references (HO)
(c:/Users/jafio/AppData/Roaming/TinyTeX/texmf-dist/tex/latex/kvoptions/kvoptions.sty
Package: kvoptions 2022-06-15 v3.15 Key value format for package options (HO)
))
\c@section@level=\count322
) (c:/Users/jafio/AppData/Roaming/TinyTeX/texmf-dist/tex/generic/stringenc/stringenc.sty
Package: stringenc 2019/11/29 v1.12 Convert strings between diff. encodings (HO)
)
\@linkdim=\dimen275
\Hy@linkcounter=\count323
\Hy@pagecounter=\count324
(c:/Users/jafio/AppData/Roaming/TinyTeX/texmf-dist/tex/latex/hyperref/pd1enc.def
File: pd1enc.def 2025-07-12 v7.01o Hyperref: PDFDocEncoding definition (HO)
Now handling font encoding PD1 ...
... no UTF-8 mapping file for font encoding PD1
) (c:/Users/jafio/AppData/Roaming/TinyTeX/texmf-dist/tex/generic/intcalc/intcalc.sty
Package: intcalc 2019/12/15 v1.3 Expandable calculations with integers (HO)
)
\Hy@SavedSpaceFactor=\count325
(c:/Users/jafio/AppData/Roaming/TinyTeX/texmf-dist/tex/latex/hyperref/puenc.def
File: puenc.def 2025-07-12 v7.01o Hyperref: PDF Unicode definition (HO)
Now handling font encoding PU ...
... no UTF-8 mapping file for font encoding PU
)
Package hyperref Info: Option `unicode' set `true' on input line 4066.
Package hyperref Info: Option `bookmarks' set `true' on input line 4066.
Package hyperref Info: Option `bookmarksopen' set `true' on input line 4066.
Package hyperref Info: Option `implicit' set `false' on input line 4066.
Package hyperref Info: Hyper figures OFF on input line 4195.
Package hyperref Info: Link nesting OFF on input line 4200.
Package hyperref Info: Hyper index ON on input line 4203.
Package hyperref Info: Plain pages OFF on input line 4210.
Package hyperref Info: Backreferencing OFF on input line 4215.
Package hyperref Info: Implicit mode OFF; no redefinition of LaTeX internals.
Package hyperref Info: Bookmarks ON on input line 4462.
\c@Hy@tempcnt=\count326
(c:/Users/jafio/AppData/Roaming/TinyTeX/texmf-dist/tex/latex/url/url.sty
\Urlmuskip=\muskip17
Package: url 2013/09/16  ver 3.4  Verb mode for urls, etc.
)
LaTeX Info: Redefining \url on input line 4801.
\XeTeXLinkMargin=\dimen276
(c:/Users/jafio/AppData/Roaming/TinyTeX/texmf-dist/tex/generic/bitset/bitset.sty
Package: bitset 2019/12/09 v1.3 Handle bit-vector datatype (HO)
(c:/Users/jafio/AppData/Roaming/TinyTeX/texmf-dist/tex/generic/bigintcalc/bigintcalc.sty
Package: bigintcalc 2019/12/15 v1.5 Expandable calculations on big integers (HO)
))
\Fld@menulength=\count327
\Field@Width=\dimen277
\Fld@charsize=\dimen278
Package hyperref Info: Hyper figures OFF on input line 6078.
Package hyperref Info: Link nesting OFF on input line 6083.
Package hyperref Info: Hyper index ON on input line 6086.
Package hyperref Info: backreferencing OFF on input line 6093.
Package hyperref Info: Link coloring OFF on input line 6098.
Package hyperref Info: Link coloring with OCG OFF on input line 6103.
Package hyperref Info: PDF/A mode OFF on input line 6108.
\Hy@abspage=\count328

Package hyperref Message: Stopped early.

)
Package hyperref Info: Driver (autodetected): hpdftex.
(c:/Users/jafio/AppData/Roaming/TinyTeX/texmf-dist/tex/latex/hyperref/hpdftex.def
File: hpdftex.def 2025-07-12 v7.01o Hyperref driver for pdfTeX
\Fld@listcount=\count329
\c@bookmark@seq@number=\count330
(c:/Users/jafio/AppData/Roaming/TinyTeX/texmf-dist/tex/latex/rerunfilecheck/rerunfilecheck.sty
Package: rerunfilecheck 2025-06-21 v1.11 Rerun checks for auxiliary files (HO)
(c:/Users/jafio/AppData/Roaming/TinyTeX/texmf-dist/tex/generic/uniquecounter/uniquecounter.sty
Package: uniquecounter 2019/12/15 v1.4 Provide unlimited unique counter (HO)
)
Package uniquecounter Info: New unique counter `rerunfilecheck' on input line 284.
)) (c:/Users/jafio/AppData/Roaming/TinyTeX/texmf-dist/tex/latex/beamer/beamerbaserequires.sty (c:/Users/jafio/AppData/Roaming/TinyTeX/texmf-dist/tex/latex/beamer/beamerbasecompatibility.sty) (c:/Users/jafio/AppData/Roaming/TinyTeX/texmf-dist/tex/latex/beamer/beamerbasefont.sty (c:/Users/jafio/AppData/Roaming/TinyTeX/texmf-dist/tex/latex/amsfonts/amssymb.sty
Package: amssymb 2013/01/14 v3.01 AMS font symbols
(c:/Users/jafio/AppData/Roaming/TinyTeX/texmf-dist/tex/latex/amsfonts/amsfonts.sty
Package: amsfonts 2013/01/14 v3.01 Basic AMSFonts support
\@emptytoks=\toks29
\symAMSa=\mathgroup4
\symAMSb=\mathgroup5
LaTeX Font Info:    Redeclaring math symbol \hbar on input line 98.
LaTeX Font Info:    Overwriting math alphabet `\mathfrak' in version `bold'
(Font)                  U/euf/m/n --> U/euf/b/n on input line 106.
))) (c:/Users/jafio/AppData/Roaming/TinyTeX/texmf-dist/tex/latex/beamer/beamerbasetranslator.sty (c:/Users/jafio/AppData/Roaming/TinyTeX/texmf-dist/tex/latex/translator/translator.sty
Package: translator 2021-05-31 v1.12d Easy translation of strings in LaTeX
)) (c:/Users/jafio/AppData/Roaming/TinyTeX/texmf-dist/tex/latex/beamer/beamerbasemisc.sty) (c:/Users/jafio/AppData/Roaming/TinyTeX/texmf-dist/tex/latex/beamer/beamerbasetwoscreens.sty) (c:/Users/jafio/AppData/Roaming/TinyTeX/texmf-dist/tex/latex/beamer/beamerbaseoverlay.sty
\beamer@argscount=\count331
\beamer@lastskipcover=\skip52
\beamer@trivlistdepth=\count332
) (c:/Users/jafio/AppData/Roaming/TinyTeX/texmf-dist/tex/latex/beamer/beamerbasetitle.sty) (c:/Users/jafio/AppData/Roaming/TinyTeX/texmf-dist/tex/latex/beamer/beamerbasesection.sty
\c@lecture=\count333
\c@part=\count334
\c@section=\count335
\c@subsection=\count336
\c@subsubsection=\count337
) (c:/Users/jafio/AppData/Roaming/TinyTeX/texmf-dist/tex/latex/beamer/beamerbaseframe.sty
\beamer@framebox=\box68
\beamer@frametitlebox=\box69
\beamer@zoombox=\box70
\beamer@zoomcount=\count338
\beamer@zoomframecount=\count339
\beamer@frametextheight=\dimen279
\c@subsectionslide=\count340
\beamer@frametopskip=\skip53
\beamer@framebottomskip=\skip54
\beamer@frametopskipautobreak=\skip55
\beamer@framebottomskipautobreak=\skip56
\beamer@envbody=\toks30
\framewidth=\dimen280
\c@framenumber=\count341
) (c:/Users/jafio/AppData/Roaming/TinyTeX/texmf-dist/tex/latex/beamer/beamerbaseverbatim.sty
\beamer@verbatimfileout=\write4
) (c:/Users/jafio/AppData/Roaming/TinyTeX/texmf-dist/tex/latex/beamer/beamerbaseframesize.sty
\beamer@splitbox=\box71
\beamer@autobreakcount=\count342
\beamer@autobreaklastheight=\dimen281
\beamer@frametitletoks=\toks31
\beamer@framesubtitletoks=\toks32
) (c:/Users/jafio/AppData/Roaming/TinyTeX/texmf-dist/tex/latex/beamer/beamerbaseframecomponents.sty
\beamer@colheight=\skip57
\beamer@footins=\box72
) (c:/Users/jafio/AppData/Roaming/TinyTeX/texmf-dist/tex/latex/beamer/beamerbasecolor.sty) (c:/Users/jafio/AppData/Roaming/TinyTeX/texmf-dist/tex/latex/beamer/beamerbasenotes.sty
\beamer@frameboxcopy=\box73
) (c:/Users/jafio/AppData/Roaming/TinyTeX/texmf-dist/tex/latex/beamer/beamerbasetoc.sty) (c:/Users/jafio/AppData/Roaming/TinyTeX/texmf-dist/tex/latex/beamer/beamerbasetemplates.sty
\beamer@sbttoks=\toks33
(c:/Users/jafio/AppData/Roaming/TinyTeX/texmf-dist/tex/latex/beamer/beamerbaseauxtemplates.sty (c:/Users/jafio/AppData/Roaming/TinyTeX/texmf-dist/tex/latex/beamer/beamerbaseboxes.sty
\bmb@box=\box74
\bmb@colorbox=\box75
\bmb@boxwidth=\dimen282
\bmb@boxheight=\dimen283
\bmb@prevheight=\dimen284
\bmb@temp=\dimen285
\bmb@dima=\dimen286
\bmb@dimb=\dimen287
\bmb@prevheight=\dimen288
)
\beamer@blockheadheight=\dimen289
)) (c:/Users/jafio/AppData/Roaming/TinyTeX/texmf-dist/tex/latex/beamer/beamerbaselocalstructure.sty (c:/Users/jafio/AppData/Roaming/TinyTeX/texmf-dist/tex/latex/tools/enumerate.sty
Package: enumerate 2023/07/04 v3.00 enumerate extensions (DPC)
\@enLab=\toks34
)
\beamer@bibiconwidth=\skip58
\c@figure=\count343
\c@table=\count344
\abovecaptionskip=\skip59
\belowcaptionskip=\skip60
) (c:/Users/jafio/AppData/Roaming/TinyTeX/texmf-dist/tex/latex/beamer/beamerbasenavigation.sty (c:/Users/jafio/AppData/Roaming/TinyTeX/texmf-dist/tex/latex/beamer/beamerbasenavigationsymbols.tex)
\beamer@section@min@dim=\dimen290
) (c:/Users/jafio/AppData/Roaming/TinyTeX/texmf-dist/tex/latex/beamer/beamerbasetheorems.sty (c:/Users/jafio/AppData/Roaming/TinyTeX/texmf-dist/tex/latex/amsmath/amsmath.sty
Package: amsmath 2025/06/16 v2.17y AMS math features
\@mathmargin=\skip61
For additional information on amsmath, use the `?' option.
(c:/Users/jafio/AppData/Roaming/TinyTeX/texmf-dist/tex/latex/amsmath/amstext.sty
Package: amstext 2024/11/17 v2.01 AMS text
(c:/Users/jafio/AppData/Roaming/TinyTeX/texmf-dist/tex/latex/amsmath/amsgen.sty
File: amsgen.sty 1999/11/30 v2.0 generic functions
\@emptytoks=\toks35
\ex@=\dimen291
)) (c:/Users/jafio/AppData/Roaming/TinyTeX/texmf-dist/tex/latex/amsmath/amsbsy.sty
Package: amsbsy 1999/11/29 v1.2d Bold Symbols
\pmbraise@=\dimen292
) (c:/Users/jafio/AppData/Roaming/TinyTeX/texmf-dist/tex/latex/amsmath/amsopn.sty
Package: amsopn 2022/04/08 v2.04 operator names
)
\inf@bad=\count345
LaTeX Info: Redefining \frac on input line 233.
\uproot@=\count346
\leftroot@=\count347
LaTeX Info: Redefining \overline on input line 398.
LaTeX Info: Redefining \colon on input line 409.
\classnum@=\count348
\DOTSCASE@=\count349
LaTeX Info: Redefining \ldots on input line 495.
LaTeX Info: Redefining \dots on input line 498.
LaTeX Info: Redefining \cdots on input line 619.
\Mathstrutbox@=\box76
\strutbox@=\box77
LaTeX Info: Redefining \big on input line 721.
LaTeX Info: Redefining \Big on input line 722.
LaTeX Info: Redefining \bigg on input line 723.
LaTeX Info: Redefining \Bigg on input line 724.
\big@size=\dimen293
LaTeX Font Info:    Redeclaring font encoding OML on input line 742.
LaTeX Font Info:    Redeclaring font encoding OMS on input line 743.
\macc@depth=\count350
LaTeX Info: Redefining \bmod on input line 904.
LaTeX Info: Redefining \pmod on input line 909.
LaTeX Info: Redefining \smash on input line 939.
LaTeX Info: Redefining \relbar on input line 969.
LaTeX Info: Redefining \Relbar on input line 970.
\c@MaxMatrixCols=\count351
\dotsspace@=\muskip18
\c@parentequation=\count352
\dspbrk@lvl=\count353
\tag@help=\toks36
\row@=\count354
\column@=\count355
\maxfields@=\count356
\andhelp@=\toks37
\eqnshift@=\dimen294
\alignsep@=\dimen295
\tagshift@=\dimen296
\tagwidth@=\dimen297
\totwidth@=\dimen298
\lineht@=\dimen299
\@envbody=\toks38
\multlinegap=\skip62
\multlinetaggap=\skip63
\mathdisplay@stack=\toks39
LaTeX Info: Redefining \[ on input line 2949.
LaTeX Info: Redefining \] on input line 2950.
) (c:/Users/jafio/AppData/Roaming/TinyTeX/texmf-dist/tex/latex/amscls/amsthm.sty
Package: amsthm 2020/05/29 v2.20.6
\thm@style=\toks40
\thm@bodyfont=\toks41
\thm@headfont=\toks42
\thm@notefont=\toks43
\thm@headpunct=\toks44
\thm@preskip=\skip64
\thm@postskip=\skip65
\thm@headsep=\skip66
\dth@everypar=\toks45
)
\c@theorem=\count357
) (c:/Users/jafio/AppData/Roaming/TinyTeX/texmf-dist/tex/latex/beamer/beamerbasethemes.sty)) (c:/Users/jafio/AppData/Roaming/TinyTeX/texmf-dist/tex/latex/beamer/beamerthemedefault.sty (c:/Users/jafio/AppData/Roaming/TinyTeX/texmf-dist/tex/latex/beamer/beamerfontthemedefault.sty) (c:/Users/jafio/AppData/Roaming/TinyTeX/texmf-dist/tex/latex/beamer/beamercolorthemedefault.sty) (c:/Users/jafio/AppData/Roaming/TinyTeX/texmf-dist/tex/latex/beamer/beamerinnerthemedefault.sty
\beamer@dima=\dimen300
\beamer@dimb=\dimen301
) (c:/Users/jafio/AppData/Roaming/TinyTeX/texmf-dist/tex/latex/beamer/beamerouterthemedefault.sty))) (c:/Users/jafio/AppData/Roaming/TinyTeX/texmf-dist/tex/latex/pgf/utilities/pgfpages.sty
Package: pgfpages 2011/01/05 ver 0.02
(c:/Users/jafio/AppData/Roaming/TinyTeX/texmf-dist/tex/latex/tools/calc.sty
Package: calc 2025/03/01 v4.3b Infix arithmetic (KKT,FJ)
\calc@Acount=\count358
\calc@Bcount=\count359
\calc@Adimen=\dimen302
\calc@Bdimen=\dimen303
\calc@Askip=\skip67
\calc@Bskip=\skip68
LaTeX Info: Redefining \setlength on input line 86.
LaTeX Info: Redefining \addtolength on input line 87.
\calc@Ccount=\count360
\calc@Cskip=\skip69
)
\pgf@logicalpages=\count361
\pgf@firstshipout=\count362
\pgf@lastshipout=\count363
\pgf@currentshipout=\count364
\pgf@cpn=\count365
\pgf@shipoutnextto=\count366
\pgfphysicalheight=\dimen304
\pgfphysicalwidth=\dimen305
\pgfpages@shipoutbox=\box78
) (c:/Users/jafio/AppData/Roaming/TinyTeX/texmf-dist/tex/latex/base/fontenc.sty
Package: fontenc 2024/12/21 v2.1c Standard LaTeX package
) (c:/Users/jafio/AppData/Roaming/TinyTeX/texmf-dist/tex/latex/base/inputenc.sty
Package: inputenc 2024/02/08 v1.3d Input encoding file
\inpenc@prehook=\toks46
\inpenc@posthook=\toks47
) (c:/Users/jafio/AppData/Roaming/TinyTeX/texmf-dist/tex/latex/base/textcomp.sty
Package: textcomp 2024/04/24 v2.1b Standard LaTeX package
) (c:/Users/jafio/AppData/Roaming/TinyTeX/texmf-dist/tex/latex/lm/lmodern.sty
Package: lmodern 2015/05/01 v1.6.1 Latin Modern Fonts
LaTeX Font Info:    Overwriting symbol font `operators' in version `normal'
(Font)                  OT1/cmr/m/n --> OT1/lmr/m/n on input line 22.
LaTeX Font Info:    Overwriting symbol font `letters' in version `normal'
(Font)                  OML/cmm/m/it --> OML/lmm/m/it on input line 23.
LaTeX Font Info:    Overwriting symbol font `symbols' in version `normal'
(Font)                  OMS/cmsy/m/n --> OMS/lmsy/m/n on input line 24.
LaTeX Font Info:    Overwriting symbol font `largesymbols' in version `normal'
(Font)                  OMX/cmex/m/n --> OMX/lmex/m/n on input line 25.
LaTeX Font Info:    Overwriting symbol font `operators' in version `bold'
(Font)                  OT1/cmr/bx/n --> OT1/lmr/bx/n on input line 26.
LaTeX Font Info:    Overwriting symbol font `letters' in version `bold'
(Font)                  OML/cmm/b/it --> OML/lmm/b/it on input line 27.
LaTeX Font Info:    Overwriting symbol font `symbols' in version `bold'
(Font)                  OMS/cmsy/b/n --> OMS/lmsy/b/n on input line 28.
LaTeX Font Info:    Overwriting symbol font `largesymbols' in version `bold'
(Font)                  OMX/cmex/m/n --> OMX/lmex/m/n on input line 29.
LaTeX Font Info:    Overwriting math alphabet `\mathbf' in version `normal'
(Font)                  OT1/cmr/bx/n --> OT1/lmr/bx/n on input line 31.
LaTeX Font Info:    Overwriting math alphabet `\mathsf' in version `normal'
(Font)                  OT1/cmss/m/n --> OT1/lmss/m/n on input line 32.
LaTeX Font Info:    Overwriting math alphabet `\mathit' in version `normal'
(Font)                  OT1/cmr/m/it --> OT1/lmr/m/it on input line 33.
LaTeX Font Info:    Overwriting math alphabet `\mathtt' in version `normal'
(Font)                  OT1/cmtt/m/n --> OT1/lmtt/m/n on input line 34.
LaTeX Font Info:    Overwriting math alphabet `\mathbf' in version `bold'
(Font)                  OT1/cmr/bx/n --> OT1/lmr/bx/n on input line 35.
LaTeX Font Info:    Overwriting math alphabet `\mathsf' in version `bold'
(Font)                  OT1/cmss/bx/n --> OT1/lmss/bx/n on input line 36.
LaTeX Font Info:    Overwriting math alphabet `\mathit' in version `bold'
(Font)                  OT1/cmr/bx/it --> OT1/lmr/bx/it on input line 37.
LaTeX Font Info:    Overwriting math alphabet `\mathtt' in version `bold'
(Font)                  OT1/cmtt/m/n --> OT1/lmtt/m/n on input line 38.
) (c:/Users/jafio/AppData/Roaming/TinyTeX/texmf-dist/tex/latex/upquote/upquote.sty
Package: upquote 2012/04/19 v1.3 upright-quote and grave-accent glyphs in verbatim
) (c:/Users/jafio/AppData/Roaming/TinyTeX/texmf-dist/tex/latex/microtype/microtype.sty
Package: microtype 2025/07/09 v3.2b Micro-typographical refinements (RS)
\MT@toks=\toks48
\MT@tempbox=\box79
\MT@count=\count367
LaTeX Info: Redefining \noprotrusionifhmode on input line 1087.
LaTeX Info: Redefining \leftprotrusion on input line 1088.
\MT@prot@toks=\toks49
LaTeX Info: Redefining \rightprotrusion on input line 1107.
LaTeX Info: Redefining \textls on input line 1449.
\MT@outer@kern=\dimen306
LaTeX Info: Redefining \microtypecontext on input line 2053.
LaTeX Info: Redefining \textmicrotypecontext on input line 2070.
\MT@listname@count=\count368
(c:/Users/jafio/AppData/Roaming/TinyTeX/texmf-dist/tex/latex/microtype/microtype-pdftex.def
File: microtype-pdftex.def 2025/07/09 v3.2b Definitions specific to pdftex (RS)
LaTeX Info: Redefining \lsstyle on input line 944.
LaTeX Info: Redefining \lslig on input line 944.
\MT@outer@space=\skip70
)
Package microtype Info: Loading configuration file microtype.cfg.
(c:/Users/jafio/AppData/Roaming/TinyTeX/texmf-dist/tex/latex/microtype/microtype.cfg
File: microtype.cfg 2025/07/09 v3.2b microtype main configuration file (RS)
)
LaTeX Info: Redefining \microtypesetup on input line 3065.
)
\pandoc@box=\box80
(c:/Users/jafio/AppData/Roaming/TinyTeX/texmf-dist/tex/latex/bookmark/bookmark.sty
Package: bookmark 2023-12-10 v1.31 PDF bookmarks (HO)
(c:/Users/jafio/AppData/Roaming/TinyTeX/texmf-dist/tex/latex/bookmark/bkm-pdftex.def
File: bkm-pdftex.def 2023-12-10 v1.31 bookmark driver for pdfTeX and luaTeX (HO)
\BKM@id=\count369
))
LaTeX Font Info:    Trying to load font information for T1+lmss on input line 113.
(c:/Users/jafio/AppData/Roaming/TinyTeX/texmf-dist/tex/latex/lm/t1lmss.fd
File: t1lmss.fd 2015/05/01 v1.6.1 Font defs for Latin Modern
) (c:/Users/jafio/AppData/Roaming/TinyTeX/texmf-dist/tex/latex/l3backend/l3backend-pdftex.def
File: l3backend-pdftex.def 2025-10-09 L3 backend support: PDF output (pdfTeX)
\l__color_backend_stack_int=\count370
) (./Unidade_VI.aux)
\openout1 = `Unidade_VI.aux'.

LaTeX Font Info:    Checking defaults for OML/cmm/m/it on input line 113.
LaTeX Font Info:    ... okay on input line 113.
LaTeX Font Info:    Checking defaults for OMS/cmsy/m/n on input line 113.
LaTeX Font Info:    ... okay on input line 113.
LaTeX Font Info:    Checking defaults for OT1/cmr/m/n on input line 113.
LaTeX Font Info:    ... okay on input line 113.
LaTeX Font Info:    Checking defaults for T1/cmr/m/n on input line 113.
LaTeX Font Info:    ... okay on input line 113.
LaTeX Font Info:    Checking defaults for TS1/cmr/m/n on input line 113.
LaTeX Font Info:    ... okay on input line 113.
LaTeX Font Info:    Checking defaults for OMX/cmex/m/n on input line 113.
LaTeX Font Info:    ... okay on input line 113.
LaTeX Font Info:    Checking defaults for U/cmr/m/n on input line 113.
LaTeX Font Info:    ... okay on input line 113.
LaTeX Font Info:    Checking defaults for PD1/pdf/m/n on input line 113.
LaTeX Font Info:    ... okay on input line 113.
LaTeX Font Info:    Checking defaults for PU/pdf/m/n on input line 113.
LaTeX Font Info:    ... okay on input line 113.
*geometry* driver: auto-detecting
*geometry* detected driver: pdftex
*geometry* verbose mode - [ preamble ] result:
* driver: pdftex
* paper: custom
* layout: <same size as paper>
* layoutoffset:(h,v)=(0.0pt,0.0pt)
* modes: includehead includefoot 
* h-part:(L,W,R)=(28.45274pt, 307.28987pt, 28.45274pt)
* v-part:(T,H,B)=(0.0pt, 273.14662pt, 0.0pt)
* \paperwidth=364.19536pt
* \paperheight=273.14662pt
* \textwidth=307.28987pt
* \textheight=244.6939pt
* \oddsidemargin=-43.81725pt
* \evensidemargin=-43.81725pt
* \topmargin=-72.26999pt
* \headheight=14.22636pt
* \headsep=0.0pt
* \topskip=10.0pt
* \footskip=14.22636pt
* \marginparwidth=3.0pt
* \marginparsep=11.0pt
* \columnsep=10.0pt
* \skip\footins=9.0pt plus 4.0pt minus 2.0pt
* \hoffset=0.0pt
* \voffset=0.0pt
* \mag=1000
* \@twocolumnfalse
* \@twosidefalse
* \@mparswitchfalse
* \@reversemarginfalse
* (1in=72.27pt=25.4mm, 1cm=28.453pt)

(c:/Users/jafio/AppData/Roaming/TinyTeX/texmf-dist/tex/latex/epstopdf-pkg/epstopdf-base.sty
Package: epstopdf-base 2020-01-24 v2.11 Base part for package epstopdf
Package epstopdf-base Info: Redefining graphics rule for `.eps' on input line 485.
(c:/Users/jafio/AppData/Roaming/TinyTeX/texmf-dist/tex/latex/latexconfig/epstopdf-sys.cfg
File: epstopdf-sys.cfg 2010/07/13 v1.3 Configuration of (r)epstopdf for TeX Live
))
Package hyperref Info: Link coloring OFF on input line 113.
LaTeX Font Info:    Overwriting symbol font `operators' in version `normal'
(Font)                  OT1/lmr/m/n --> OT1/cmss/m/n on input line 113.
LaTeX Font Info:    Overwriting symbol font `operators' in version `bold'
(Font)                  OT1/lmr/bx/n --> OT1/cmss/b/n on input line 113.
LaTeX Font Info:    Overwriting symbol font `operators' in version `normal'
(Font)                  OT1/cmss/m/n --> OT1/lmss/m/n on input line 113.
LaTeX Font Info:    Overwriting symbol font `operators' in version `bold'
(Font)                  OT1/cmss/b/n --> OT1/lmss/b/n on input line 113.
\symnumbers=\mathgroup6
\sympureletters=\mathgroup7
LaTeX Font Info:    Overwriting math alphabet `\mathrm' in version `normal'
(Font)                  OT1/lmss/m/n --> T1/lmr/m/n on input line 113.
LaTeX Font Info:    Redeclaring math alphabet \mathbf on input line 113.
LaTeX Font Info:    Overwriting math alphabet `\mathbf' in version `normal'
(Font)                  OT1/lmr/bx/n --> T1/lmss/b/n on input line 113.
LaTeX Font Info:    Overwriting math alphabet `\mathbf' in version `bold'
(Font)                  OT1/lmr/bx/n --> T1/lmss/b/n on input line 113.
LaTeX Font Info:    Redeclaring math alphabet \mathsf on input line 113.
LaTeX Font Info:    Overwriting math alphabet `\mathsf' in version `normal'
(Font)                  OT1/lmss/m/n --> T1/lmss/m/n on input line 113.
LaTeX Font Info:    Overwriting math alphabet `\mathsf' in version `bold'
(Font)                  OT1/lmss/bx/n --> T1/lmss/m/n on input line 113.
LaTeX Font Info:    Redeclaring math alphabet \mathit on input line 113.
LaTeX Font Info:    Overwriting math alphabet `\mathit' in version `normal'
(Font)                  OT1/lmr/m/it --> T1/lmss/m/it on input line 113.
LaTeX Font Info:    Overwriting math alphabet `\mathit' in version `bold'
(Font)                  OT1/lmr/bx/it --> T1/lmss/m/it on input line 113.
LaTeX Font Info:    Redeclaring math alphabet \mathtt on input line 113.
LaTeX Font Info:    Overwriting math alphabet `\mathtt' in version `normal'
(Font)                  OT1/lmtt/m/n --> T1/lmtt/m/n on input line 113.
LaTeX Font Info:    Overwriting math alphabet `\mathtt' in version `bold'
(Font)                  OT1/lmtt/m/n --> T1/lmtt/m/n on input line 113.
LaTeX Font Info:    Overwriting symbol font `numbers' in version `bold'
(Font)                  T1/lmss/m/n --> T1/lmss/b/n on input line 113.
LaTeX Font Info:    Overwriting symbol font `pureletters' in version `bold'
(Font)                  T1/lmss/m/it --> T1/lmss/b/it on input line 113.
LaTeX Font Info:    Overwriting math alphabet `\mathrm' in version `bold'
(Font)                  OT1/lmss/b/n --> T1/lmr/b/n on input line 113.
LaTeX Font Info:    Overwriting math alphabet `\mathbf' in version `bold'
(Font)                  T1/lmss/b/n --> T1/lmss/b/n on input line 113.
LaTeX Font Info:    Overwriting math alphabet `\mathsf' in version `bold'
(Font)                  T1/lmss/m/n --> T1/lmss/b/n on input line 113.
LaTeX Font Info:    Overwriting math alphabet `\mathit' in version `bold'
(Font)                  T1/lmss/m/it --> T1/lmss/b/it on input line 113.
LaTeX Font Info:    Overwriting math alphabet `\mathtt' in version `bold'
(Font)                  T1/lmtt/m/n --> T1/lmtt/b/n on input line 113.
(c:/Users/jafio/AppData/Roaming/TinyTeX/texmf-dist/tex/latex/translator/translator-basic-dictionary-English.dict
Dictionary: translator-basic-dictionary, Language: English 
) (c:/Users/jafio/AppData/Roaming/TinyTeX/texmf-dist/tex/latex/translator/translator-bibliography-dictionary-English.dict
Dictionary: translator-bibliography-dictionary, Language: English 
) (c:/Users/jafio/AppData/Roaming/TinyTeX/texmf-dist/tex/latex/translator/translator-environment-dictionary-English.dict
Dictionary: translator-environment-dictionary, Language: English 
) (c:/Users/jafio/AppData/Roaming/TinyTeX/texmf-dist/tex/latex/translator/translator-months-dictionary-English.dict
Dictionary: translator-months-dictionary, Language: English 
) (c:/Users/jafio/AppData/Roaming/TinyTeX/texmf-dist/tex/latex/translator/translator-numbers-dictionary-English.dict
Dictionary: translator-numbers-dictionary, Language: English 
) (c:/Users/jafio/AppData/Roaming/TinyTeX/texmf-dist/tex/latex/translator/translator-theorem-dictionary-English.dict
Dictionary: translator-theorem-dictionary, Language: English 
)
LaTeX Info: Redefining \microtypecontext on input line 113.
Package microtype Info: Applying patch `item' on input line 113.
Package microtype Info: Applying patch `toc' on input line 113.
Package microtype Info: Applying patch `eqnum' on input line 113.
Package microtype Info: Applying patch `footnote' on input line 113.
Package microtype Info: Applying patch `verbatim' on input line 113.
LaTeX Info: Redefining \microtypesetup on input line 113.
Package microtype Info: Generating PDF output.
Package microtype Info: Character protrusion enabled (level 2).
Package microtype Info: Using protrusion set `basicmath'.
Package microtype Info: Automatic font expansion enabled (level 2),
(microtype)             stretch: 20, shrink: 20, step: 1, non-selected.
Package microtype Info: Using default expansion set `alltext-nott'.
Package microtype Info: Patching command `\showhyphens'.
Package microtype Info: No adjustment of tracking.
Package microtype Info: No adjustment of interword spacing.
Package microtype Info: No adjustment of character kerning.
Package microtype Info: Loading generic protrusion settings for font family
(microtype)             `lmss' (encoding: T1).
(microtype)             For optimal results, create family-specific settings.
(microtype)             See the microtype manual for details.
(./Unidade_VI.nav)

[1

{c:/Users/jafio/AppData/Roaming/TinyTeX/texmf-var/fonts/map/pdftex/updmap/pdftex.map}{c:/Users/jafio/AppData/Roaming/TinyTeX/texmf-dist/fonts/enc/dvips/lm/lm-ec.enc}] (./Unidade_VI.toc)

[2

]

[3

]
<Figuras/estatistica.pdf, id=48, 341.47577pt x 210.5466pt>
File: Figuras/estatistica.pdf Graphic file (type pdf)
<use Figuras/estatistica.pdf>
Package pdftex.def Info: Figuras/estatistica.pdf  used on input line 129.
(pdftex.def)             Requested size: 276.56259pt x 170.52252pt.


[4

 <./Figuras/estatistica.pdf>]
LaTeX Font Info:    Trying to load font information for OT1+lmss on input line 164.
(c:/Users/jafio/AppData/Roaming/TinyTeX/texmf-dist/tex/latex/lm/ot1lmss.fd
File: ot1lmss.fd 2015/05/01 v1.6.1 Font defs for Latin Modern
)
Package microtype Info: Loading generic protrusion settings for font family
(microtype)             `lmss' (encoding: OT1).
(microtype)             For optimal results, create family-specific settings.
(microtype)             See the microtype manual for details.
LaTeX Font Info:    Trying to load font information for OML+lmm on input line 164.
(c:/Users/jafio/AppData/Roaming/TinyTeX/texmf-dist/tex/latex/lm/omllmm.fd
File: omllmm.fd 2015/05/01 v1.6.1 Font defs for Latin Modern
)
LaTeX Font Info:    Trying to load font information for OMS+lmsy on input line 164.
(c:/Users/jafio/AppData/Roaming/TinyTeX/texmf-dist/tex/latex/lm/omslmsy.fd
File: omslmsy.fd 2015/05/01 v1.6.1 Font defs for Latin Modern
)
LaTeX Font Info:    Trying to load font information for OMX+lmex on input line 164.
(c:/Users/jafio/AppData/Roaming/TinyTeX/texmf-dist/tex/latex/lm/omxlmex.fd
File: omxlmex.fd 2015/05/01 v1.6.1 Font defs for Latin Modern
)
LaTeX Font Info:    External font `lmex10' loaded for size
(Font)              <10> on input line 164.
LaTeX Font Info:    External font `lmex10' loaded for size
(Font)              <7> on input line 164.
LaTeX Font Info:    External font `lmex10' loaded for size
(Font)              <5> on input line 164.
LaTeX Font Info:    Trying to load font information for U+msa on input line 164.
(c:/Users/jafio/AppData/Roaming/TinyTeX/texmf-dist/tex/latex/amsfonts/umsa.fd
File: umsa.fd 2013/01/14 v3.01 AMS symbols A
) (c:/Users/jafio/AppData/Roaming/TinyTeX/texmf-dist/tex/latex/microtype/mt-msa.cfg
File: mt-msa.cfg 2006/02/04 v1.1 microtype config. file: AMS symbols (a) (RS)
)
LaTeX Font Info:    Trying to load font information for U+msb on input line 164.
(c:/Users/jafio/AppData/Roaming/TinyTeX/texmf-dist/tex/latex/amsfonts/umsb.fd
File: umsb.fd 2013/01/14 v3.01 AMS symbols B
) (c:/Users/jafio/AppData/Roaming/TinyTeX/texmf-dist/tex/latex/microtype/mt-msb.cfg
File: mt-msb.cfg 2005/06/01 v1.0 microtype config. file: AMS symbols (b) (RS)
)
LaTeX Font Info:    Font shape `T1/lmss/m/it' in size <10> not available
(Font)              Font shape `T1/lmss/m/sl' tried instead on input line 164.
LaTeX Font Info:    Font shape `T1/lmss/m/it' in size <7> not available
(Font)              Font shape `T1/lmss/m/sl' tried instead on input line 164.
LaTeX Font Info:    Font shape `T1/lmss/m/it' in size <5> not available
(Font)              Font shape `T1/lmss/m/sl' tried instead on input line 164.
LaTeX Font Info:    External font `lmex10' loaded for size
(Font)              <9> on input line 164.
LaTeX Font Info:    External font `lmex10' loaded for size
(Font)              <6> on input line 164.
LaTeX Font Info:    Font shape `T1/lmss/m/it' in size <9> not available
(Font)              Font shape `T1/lmss/m/sl' tried instead on input line 164.
LaTeX Font Info:    Font shape `T1/lmss/m/it' in size <6> not available
(Font)              Font shape `T1/lmss/m/sl' tried instead on input line 164.


[5

{c:/Users/jafio/AppData/Roaming/TinyTeX/texmf-dist/fonts/enc/dvips/lm/lm-mathit.enc}{c:/Users/jafio/AppData/Roaming/TinyTeX/texmf-dist/fonts/enc/dvips/lm/lm-rm.enc}{c:/Users/jafio/AppData/Roaming/TinyTeX/texmf-dist/fonts/enc/dvips/lm/lm-mathex.enc}]

[6

]

[7

]

[8

]

[9

]

[10

]

[11

]

[12

]

[13

]

[14

{c:/Users/jafio/AppData/Roaming/TinyTeX/texmf-dist/fonts/enc/dvips/lm/lm-mathsy.enc}]

[15

]

[16

]

[17

]

[18

]

[19

]

[20

]

[21

]

[22

]

[23

]

[24

]

LaTeX Warning: Command \' invalid in math mode on input line 277.

LaTeX Font Info:    External font `lmex10' loaded for size
(Font)              <8> on input line 277.
LaTeX Font Info:    Font shape `T1/lmss/m/it' in size <8> not available
(Font)              Font shape `T1/lmss/m/sl' tried instead on input line 277.


[25

]

LaTeX Warning: Command \' invalid in math mode on input line 316.


LaTeX Warning: Command \' invalid in math mode on input line 316.



[26

]

LaTeX Warning: Command \' invalid in math mode on input line 316.


LaTeX Warning: Command \' invalid in math mode on input line 316.



[27

]

LaTeX Warning: Command \' invalid in math mode on input line 316.


LaTeX Warning: Command \' invalid in math mode on input line 316.



[28

]

LaTeX Warning: Command \' invalid in math mode on input line 316.


LaTeX Warning: Command \' invalid in math mode on input line 316.



[29

]

[30

]

[31

]

[32

]

[33

]

[34

]

[35

]

[36

]

[37

]

[38

]

[39

]

[40

]

[41

]

[42

]

[43

]

[44

]

[45

]

[46

]

[47

]

[48

]

[49

]
LaTeX Font Info:    Font shape `T1/lmss/b/n' in size <10> not available
(Font)              Font shape `T1/lmss/bx/n' tried instead on input line 508.
LaTeX Font Info:    Font shape `T1/lmss/b/n' in size <7> not available
(Font)              Font shape `T1/lmss/bx/n' tried instead on input line 508.
LaTeX Font Info:    Font shape `T1/lmss/b/n' in size <5> not available
(Font)              Font shape `T1/lmss/bx/n' tried instead on input line 508.


[50

]

[51

]

[52

]

[53

]

[54

]

[55

]

[56

]

[57

]

[58

]

[59

]
LaTeX Font Info:    Font shape `T1/lmss/b/n' in size <9> not available
(Font)              Font shape `T1/lmss/bx/n' tried instead on input line 581.
LaTeX Font Info:    Font shape `T1/lmss/b/n' in size <6> not available
(Font)              Font shape `T1/lmss/bx/n' tried instead on input line 581.


[60

]

[61

]

[62

]

[63

]

[64

]

[65

]

[66

]

[67

]

[68

]

[69

]

[70

]

[71

]

[72

]

[73

]

[74

]

[75

]

[76

]

[77

]

[78

]

[79

]

[80

]

[81

]

[82

]

[83

]

[84

]

[85

]

[86

]

[87

]

[88

]

[89

]

[90

]

[91

]

[92

]

[93

]

[94

]

[95

]

[96

]

[97

]

[98

]

[99

]

[100

]

[101

]

[102

]

[103

]

[104

]

[105

]

[106

]

[107

]
<Figuras/t-student_normal.png, id=646, 675.52374pt x 419.5675pt>
File: Figuras/t-student_normal.png Graphic file (type png)
<use Figuras/t-student_normal.png>
Package pdftex.def Info: Figuras/t-student_normal.png  used on input line 789.
(pdftex.def)             Requested size: 199.73131pt x 124.05302pt.


[108

 <./Figuras/t-student_normal.png>]
File: Figuras/t-student_normal.png Graphic file (type png)
<use Figuras/t-student_normal.png>
Package pdftex.def Info: Figuras/t-student_normal.png  used on input line 789.
(pdftex.def)             Requested size: 199.73131pt x 124.05302pt.


[109

]
File: Figuras/t-student_normal.png Graphic file (type png)
<use Figuras/t-student_normal.png>
Package pdftex.def Info: Figuras/t-student_normal.png  used on input line 789.
(pdftex.def)             Requested size: 199.73131pt x 124.05302pt.


[110

]

[111

]

[112

]

[113

]

[114

]

[115

]
<Figuras/ic_normal.png, id=695, 1011.78pt x 722.7pt>
File: Figuras/ic_normal.png Graphic file (type png)
<use Figuras/ic_normal.png>
Package pdftex.def Info: Figuras/ic_normal.png  used on input line 848.
(pdftex.def)             Requested size: 169.00525pt x 120.71803pt.


[116

 <./Figuras/ic_normal.png>]
File: Figuras/ic_normal.png Graphic file (type png)
<use Figuras/ic_normal.png>
Package pdftex.def Info: Figuras/ic_normal.png  used on input line 848.
(pdftex.def)             Requested size: 169.00525pt x 120.71803pt.


[117

]

[118

]

[119

]

[120

]

[121

]

[122

]

[123

]

[124

]

[125

]

[126

]

[127

]

[128

]

[129

]

[130

]

[131

]

[132

]

[133

]
Overfull \hbox (4.94449pt too wide) detected at line 1012
\OT1/lmss/m/n/10 ([] \OMS/lmsy/m/n/10 ^^@ \T1/lmss/m/sl/10 E \OML/lmm/m/it/10 ;  [] \OT1/lmss/m/n/10 + \T1/lmss/m/sl/10 E\OT1/lmss/m/n/10 )[][][][][]  \OMS/lmsy/m/n/10 ) \OT1/lmss/m/n/10 (\T1/lmss/m/n/10 346 \OMS/lmsy/m/n/10 ^^@ \T1/lmss/m/n/10 1\OML/lmm/m/it/10 :\T1/lmss/m/n/10 315 \OML/lmm/m/it/10 ;  \T1/lmss/m/n/10 346 \OT1/lmss/m/n/10 + \T1/lmss/m/n/10 1\OML/lmm/m/it/10 :\T1/lmss/m/n/10 315\OT1/lmss/m/n/10 )[][][][][]  \OMS/lmsy/m/n/10 ) \OT1/lmss/m/n/10 (\T1/lmss/m/n/10 344\OML/lmm/m/it/10 :\T1/lmss/m/n/10 685  \OML/lmm/m/it/10 ;   \T1/lmss/m/n/10 347\OML/lmm/m/it/10 :\T1/lmss/m/n/10 315\OT1/lmss/m/n/10 )
 []



[134

]
Overfull \hbox (4.94449pt too wide) detected at line 1012
\OT1/lmss/m/n/10 ([] \OMS/lmsy/m/n/10 ^^@ \T1/lmss/m/sl/10 E \OML/lmm/m/it/10 ;  [] \OT1/lmss/m/n/10 + \T1/lmss/m/sl/10 E\OT1/lmss/m/n/10 )[][][][][]  \OMS/lmsy/m/n/10 ) \OT1/lmss/m/n/10 (\T1/lmss/m/n/10 346 \OMS/lmsy/m/n/10 ^^@ \T1/lmss/m/n/10 1\OML/lmm/m/it/10 :\T1/lmss/m/n/10 315 \OML/lmm/m/it/10 ;  \T1/lmss/m/n/10 346 \OT1/lmss/m/n/10 + \T1/lmss/m/n/10 1\OML/lmm/m/it/10 :\T1/lmss/m/n/10 315\OT1/lmss/m/n/10 )[][][][][]  \OMS/lmsy/m/n/10 ) \OT1/lmss/m/n/10 (\T1/lmss/m/n/10 344\OML/lmm/m/it/10 :\T1/lmss/m/n/10 685  \OML/lmm/m/it/10 ;   \T1/lmss/m/n/10 347\OML/lmm/m/it/10 :\T1/lmss/m/n/10 315\OT1/lmss/m/n/10 )
 []



[135

]
Overfull \hbox (4.94449pt too wide) detected at line 1012
\OT1/lmss/m/n/10 ([] \OMS/lmsy/m/n/10 ^^@ \T1/lmss/m/sl/10 E \OML/lmm/m/it/10 ;  [] \OT1/lmss/m/n/10 + \T1/lmss/m/sl/10 E\OT1/lmss/m/n/10 )[][][][][]  \OMS/lmsy/m/n/10 ) \OT1/lmss/m/n/10 (\T1/lmss/m/n/10 346 \OMS/lmsy/m/n/10 ^^@ \T1/lmss/m/n/10 1\OML/lmm/m/it/10 :\T1/lmss/m/n/10 315 \OML/lmm/m/it/10 ;  \T1/lmss/m/n/10 346 \OT1/lmss/m/n/10 + \T1/lmss/m/n/10 1\OML/lmm/m/it/10 :\T1/lmss/m/n/10 315\OT1/lmss/m/n/10 )[][][][][]  \OMS/lmsy/m/n/10 ) \OT1/lmss/m/n/10 (\T1/lmss/m/n/10 344\OML/lmm/m/it/10 :\T1/lmss/m/n/10 685  \OML/lmm/m/it/10 ;   \T1/lmss/m/n/10 347\OML/lmm/m/it/10 :\T1/lmss/m/n/10 315\OT1/lmss/m/n/10 )
 []



[136

]
Overfull \hbox (4.94449pt too wide) detected at line 1012
\OT1/lmss/m/n/10 ([] \OMS/lmsy/m/n/10 ^^@ \T1/lmss/m/sl/10 E \OML/lmm/m/it/10 ;  [] \OT1/lmss/m/n/10 + \T1/lmss/m/sl/10 E\OT1/lmss/m/n/10 )[][][][][]  \OMS/lmsy/m/n/10 ) \OT1/lmss/m/n/10 (\T1/lmss/m/n/10 346 \OMS/lmsy/m/n/10 ^^@ \T1/lmss/m/n/10 1\OML/lmm/m/it/10 :\T1/lmss/m/n/10 315 \OML/lmm/m/it/10 ;  \T1/lmss/m/n/10 346 \OT1/lmss/m/n/10 + \T1/lmss/m/n/10 1\OML/lmm/m/it/10 :\T1/lmss/m/n/10 315\OT1/lmss/m/n/10 )[][][][][]  \OMS/lmsy/m/n/10 ) \OT1/lmss/m/n/10 (\T1/lmss/m/n/10 344\OML/lmm/m/it/10 :\T1/lmss/m/n/10 685  \OML/lmm/m/it/10 ;   \T1/lmss/m/n/10 347\OML/lmm/m/it/10 :\T1/lmss/m/n/10 315\OT1/lmss/m/n/10 )
 []



[137

]
Overfull \hbox (4.94449pt too wide) detected at line 1012
\OT1/lmss/m/n/10 ([] \OMS/lmsy/m/n/10 ^^@ \T1/lmss/m/sl/10 E \OML/lmm/m/it/10 ;  [] \OT1/lmss/m/n/10 + \T1/lmss/m/sl/10 E\OT1/lmss/m/n/10 )[][][][][]  \OMS/lmsy/m/n/10 ) \OT1/lmss/m/n/10 (\T1/lmss/m/n/10 346 \OMS/lmsy/m/n/10 ^^@ \T1/lmss/m/n/10 1\OML/lmm/m/it/10 :\T1/lmss/m/n/10 315 \OML/lmm/m/it/10 ;  \T1/lmss/m/n/10 346 \OT1/lmss/m/n/10 + \T1/lmss/m/n/10 1\OML/lmm/m/it/10 :\T1/lmss/m/n/10 315\OT1/lmss/m/n/10 )[][][][][]  \OMS/lmsy/m/n/10 ) \OT1/lmss/m/n/10 (\T1/lmss/m/n/10 344\OML/lmm/m/it/10 :\T1/lmss/m/n/10 685  \OML/lmm/m/it/10 ;   \T1/lmss/m/n/10 347\OML/lmm/m/it/10 :\T1/lmss/m/n/10 315\OT1/lmss/m/n/10 )
 []



[138

]
Overfull \hbox (4.94449pt too wide) detected at line 1012
\OT1/lmss/m/n/10 ([] \OMS/lmsy/m/n/10 ^^@ \T1/lmss/m/sl/10 E \OML/lmm/m/it/10 ;  [] \OT1/lmss/m/n/10 + \T1/lmss/m/sl/10 E\OT1/lmss/m/n/10 )[][][][][]  \OMS/lmsy/m/n/10 ) \OT1/lmss/m/n/10 (\T1/lmss/m/n/10 346 \OMS/lmsy/m/n/10 ^^@ \T1/lmss/m/n/10 1\OML/lmm/m/it/10 :\T1/lmss/m/n/10 315 \OML/lmm/m/it/10 ;  \T1/lmss/m/n/10 346 \OT1/lmss/m/n/10 + \T1/lmss/m/n/10 1\OML/lmm/m/it/10 :\T1/lmss/m/n/10 315\OT1/lmss/m/n/10 )[][][][][]  \OMS/lmsy/m/n/10 ) \OT1/lmss/m/n/10 (\T1/lmss/m/n/10 344\OML/lmm/m/it/10 :\T1/lmss/m/n/10 685  \OML/lmm/m/it/10 ;   \T1/lmss/m/n/10 347\OML/lmm/m/it/10 :\T1/lmss/m/n/10 315\OT1/lmss/m/n/10 )
 []



[139

]
Overfull \hbox (4.94449pt too wide) detected at line 1012
\OT1/lmss/m/n/10 ([] \OMS/lmsy/m/n/10 ^^@ \T1/lmss/m/sl/10 E \OML/lmm/m/it/10 ;  [] \OT1/lmss/m/n/10 + \T1/lmss/m/sl/10 E\OT1/lmss/m/n/10 )[][][][][]  \OMS/lmsy/m/n/10 ) \OT1/lmss/m/n/10 (\T1/lmss/m/n/10 346 \OMS/lmsy/m/n/10 ^^@ \T1/lmss/m/n/10 1\OML/lmm/m/it/10 :\T1/lmss/m/n/10 315 \OML/lmm/m/it/10 ;  \T1/lmss/m/n/10 346 \OT1/lmss/m/n/10 + \T1/lmss/m/n/10 1\OML/lmm/m/it/10 :\T1/lmss/m/n/10 315\OT1/lmss/m/n/10 )[][][][][]  \OMS/lmsy/m/n/10 ) \OT1/lmss/m/n/10 (\T1/lmss/m/n/10 344\OML/lmm/m/it/10 :\T1/lmss/m/n/10 685  \OML/lmm/m/it/10 ;   \T1/lmss/m/n/10 347\OML/lmm/m/it/10 :\T1/lmss/m/n/10 315\OT1/lmss/m/n/10 )
 []



[140

]
Overfull \hbox (4.94449pt too wide) detected at line 1012
\OT1/lmss/m/n/10 ([] \OMS/lmsy/m/n/10 ^^@ \T1/lmss/m/sl/10 E \OML/lmm/m/it/10 ;  [] \OT1/lmss/m/n/10 + \T1/lmss/m/sl/10 E\OT1/lmss/m/n/10 )[][][][][]  \OMS/lmsy/m/n/10 ) \OT1/lmss/m/n/10 (\T1/lmss/m/n/10 346 \OMS/lmsy/m/n/10 ^^@ \T1/lmss/m/n/10 1\OML/lmm/m/it/10 :\T1/lmss/m/n/10 315 \OML/lmm/m/it/10 ;  \T1/lmss/m/n/10 346 \OT1/lmss/m/n/10 + \T1/lmss/m/n/10 1\OML/lmm/m/it/10 :\T1/lmss/m/n/10 315\OT1/lmss/m/n/10 )[][][][][]  \OMS/lmsy/m/n/10 ) \OT1/lmss/m/n/10 (\T1/lmss/m/n/10 344\OML/lmm/m/it/10 :\T1/lmss/m/n/10 685  \OML/lmm/m/it/10 ;   \T1/lmss/m/n/10 347\OML/lmm/m/it/10 :\T1/lmss/m/n/10 315\OT1/lmss/m/n/10 )
 []



[141

]
Overfull \hbox (4.94449pt too wide) detected at line 1012
\OT1/lmss/m/n/10 ([] \OMS/lmsy/m/n/10 ^^@ \T1/lmss/m/sl/10 E \OML/lmm/m/it/10 ;  [] \OT1/lmss/m/n/10 + \T1/lmss/m/sl/10 E\OT1/lmss/m/n/10 )[][][][][]  \OMS/lmsy/m/n/10 ) \OT1/lmss/m/n/10 (\T1/lmss/m/n/10 346 \OMS/lmsy/m/n/10 ^^@ \T1/lmss/m/n/10 1\OML/lmm/m/it/10 :\T1/lmss/m/n/10 315 \OML/lmm/m/it/10 ;  \T1/lmss/m/n/10 346 \OT1/lmss/m/n/10 + \T1/lmss/m/n/10 1\OML/lmm/m/it/10 :\T1/lmss/m/n/10 315\OT1/lmss/m/n/10 )[][][][][]  \OMS/lmsy/m/n/10 ) \OT1/lmss/m/n/10 (\T1/lmss/m/n/10 344\OML/lmm/m/it/10 :\T1/lmss/m/n/10 685  \OML/lmm/m/it/10 ;   \T1/lmss/m/n/10 347\OML/lmm/m/it/10 :\T1/lmss/m/n/10 315\OT1/lmss/m/n/10 )
 []



[142

]
Overfull \hbox (4.94449pt too wide) detected at line 1012
\OT1/lmss/m/n/10 ([] \OMS/lmsy/m/n/10 ^^@ \T1/lmss/m/sl/10 E \OML/lmm/m/it/10 ;  [] \OT1/lmss/m/n/10 + \T1/lmss/m/sl/10 E\OT1/lmss/m/n/10 )[][][][][][][][][][]  \OMS/lmsy/m/n/10 ) \OT1/lmss/m/n/10 (\T1/lmss/m/n/10 346 \OMS/lmsy/m/n/10 ^^@ \T1/lmss/m/n/10 1\OML/lmm/m/it/10 :\T1/lmss/m/n/10 315 \OML/lmm/m/it/10 ;  \T1/lmss/m/n/10 346 \OT1/lmss/m/n/10 + \T1/lmss/m/n/10 1\OML/lmm/m/it/10 :\T1/lmss/m/n/10 315\OT1/lmss/m/n/10 )[][][][][]  \OMS/lmsy/m/n/10 ) \OT1/lmss/m/n/10 (\T1/lmss/m/n/10 344\OML/lmm/m/it/10 :\T1/lmss/m/n/10 685  \OML/lmm/m/it/10 ;   \T1/lmss/m/n/10 347\OML/lmm/m/it/10 :\T1/lmss/m/n/10 315\OT1/lmss/m/n/10 )
 []



[143

]
Overfull \hbox (4.94449pt too wide) detected at line 1012
\OT1/lmss/m/n/10 ([] \OMS/lmsy/m/n/10 ^^@ \T1/lmss/m/sl/10 E \OML/lmm/m/it/10 ;  [] \OT1/lmss/m/n/10 + \T1/lmss/m/sl/10 E\OT1/lmss/m/n/10 )[][][][][][][][][][][][][][]  \OMS/lmsy/m/n/10 ) \OT1/lmss/m/n/10 (\T1/lmss/m/n/10 346 \OMS/lmsy/m/n/10 ^^@ \T1/lmss/m/n/10 1\OML/lmm/m/it/10 :\T1/lmss/m/n/10 315 \OML/lmm/m/it/10 ;  \T1/lmss/m/n/10 346 \OT1/lmss/m/n/10 + \T1/lmss/m/n/10 1\OML/lmm/m/it/10 :\T1/lmss/m/n/10 315\OT1/lmss/m/n/10 )[][][][][][][][][][]  \OMS/lmsy/m/n/10 ) \OT1/lmss/m/n/10 (\T1/lmss/m/n/10 344\OML/lmm/m/it/10 :\T1/lmss/m/n/10 685  \OML/lmm/m/it/10 ;   \T1/lmss/m/n/10 347\OML/lmm/m/it/10 :\T1/lmss/m/n/10 315\OT1/lmss/m/n/10 )
 []



[144

]
Overfull \hbox (4.94449pt too wide) detected at line 1012
\OT1/lmss/m/n/10 ([] \OMS/lmsy/m/n/10 ^^@ \T1/lmss/m/sl/10 E \OML/lmm/m/it/10 ;  [] \OT1/lmss/m/n/10 + \T1/lmss/m/sl/10 E\OT1/lmss/m/n/10 )[][][][][][][][][][][][][][]  \OMS/lmsy/m/n/10 ) \OT1/lmss/m/n/10 (\T1/lmss/m/n/10 346 \OMS/lmsy/m/n/10 ^^@ \T1/lmss/m/n/10 1\OML/lmm/m/it/10 :\T1/lmss/m/n/10 315 \OML/lmm/m/it/10 ;  \T1/lmss/m/n/10 346 \OT1/lmss/m/n/10 + \T1/lmss/m/n/10 1\OML/lmm/m/it/10 :\T1/lmss/m/n/10 315\OT1/lmss/m/n/10 )[][][][][][][][][][][][][][]  \OMS/lmsy/m/n/10 ) \OT1/lmss/m/n/10 (\T1/lmss/m/n/10 344\OML/lmm/m/it/10 :\T1/lmss/m/n/10 685  \OML/lmm/m/it/10 ;   \T1/lmss/m/n/10 347\OML/lmm/m/it/10 :\T1/lmss/m/n/10 315\OT1/lmss/m/n/10 )
 []



[145

]

[146

]

[147

]

[148

]

[149

]

[150

]

[151

]

[152

]

[153

]

[154

]
Overfull \hbox (4.94449pt too wide) detected at line 1093
\OT1/lmss/m/n/10 ([] \OMS/lmsy/m/n/10 ^^@ \T1/lmss/m/sl/10 E \OML/lmm/m/it/10 ;  [] \OT1/lmss/m/n/10 + \T1/lmss/m/sl/10 E\OT1/lmss/m/n/10 )  \OMS/lmsy/m/n/10 ) [][][][][]\OT1/lmss/m/n/10 (\T1/lmss/m/n/10 346 \OMS/lmsy/m/n/10 ^^@ \T1/lmss/m/n/10 1\OML/lmm/m/it/10 :\T1/lmss/m/n/10 872 \OML/lmm/m/it/10 ;  \T1/lmss/m/n/10 346 \OT1/lmss/m/n/10 + \T1/lmss/m/n/10 1\OML/lmm/m/it/10 :\T1/lmss/m/n/10 872\OT1/lmss/m/n/10 )  \OMS/lmsy/m/n/10 ) [][][][][]\OT1/lmss/m/n/10 (\T1/lmss/m/n/10 344\OML/lmm/m/it/10 :\T1/lmss/m/n/10 128  \OML/lmm/m/it/10 ;   \T1/lmss/m/n/10 347\OML/lmm/m/it/10 :\T1/lmss/m/n/10 872\OT1/lmss/m/n/10 )
 []



[155

]
Overfull \hbox (4.94449pt too wide) detected at line 1093
\OT1/lmss/m/n/10 ([] \OMS/lmsy/m/n/10 ^^@ \T1/lmss/m/sl/10 E \OML/lmm/m/it/10 ;  [] \OT1/lmss/m/n/10 + \T1/lmss/m/sl/10 E\OT1/lmss/m/n/10 )  \OMS/lmsy/m/n/10 ) [][][][][]\OT1/lmss/m/n/10 (\T1/lmss/m/n/10 346 \OMS/lmsy/m/n/10 ^^@ \T1/lmss/m/n/10 1\OML/lmm/m/it/10 :\T1/lmss/m/n/10 872 \OML/lmm/m/it/10 ;  \T1/lmss/m/n/10 346 \OT1/lmss/m/n/10 + \T1/lmss/m/n/10 1\OML/lmm/m/it/10 :\T1/lmss/m/n/10 872\OT1/lmss/m/n/10 )  \OMS/lmsy/m/n/10 ) [][][][][]\OT1/lmss/m/n/10 (\T1/lmss/m/n/10 344\OML/lmm/m/it/10 :\T1/lmss/m/n/10 128  \OML/lmm/m/it/10 ;   \T1/lmss/m/n/10 347\OML/lmm/m/it/10 :\T1/lmss/m/n/10 872\OT1/lmss/m/n/10 )
 []



[156

]
Overfull \hbox (4.94449pt too wide) detected at line 1093
\OT1/lmss/m/n/10 ([] \OMS/lmsy/m/n/10 ^^@ \T1/lmss/m/sl/10 E \OML/lmm/m/it/10 ;  [] \OT1/lmss/m/n/10 + \T1/lmss/m/sl/10 E\OT1/lmss/m/n/10 )  \OMS/lmsy/m/n/10 ) [][][][][]\OT1/lmss/m/n/10 (\T1/lmss/m/n/10 346 \OMS/lmsy/m/n/10 ^^@ \T1/lmss/m/n/10 1\OML/lmm/m/it/10 :\T1/lmss/m/n/10 872 \OML/lmm/m/it/10 ;  \T1/lmss/m/n/10 346 \OT1/lmss/m/n/10 + \T1/lmss/m/n/10 1\OML/lmm/m/it/10 :\T1/lmss/m/n/10 872\OT1/lmss/m/n/10 )  \OMS/lmsy/m/n/10 ) [][][][][]\OT1/lmss/m/n/10 (\T1/lmss/m/n/10 344\OML/lmm/m/it/10 :\T1/lmss/m/n/10 128  \OML/lmm/m/it/10 ;   \T1/lmss/m/n/10 347\OML/lmm/m/it/10 :\T1/lmss/m/n/10 872\OT1/lmss/m/n/10 )
 []



[157

]
Overfull \hbox (4.94449pt too wide) detected at line 1093
\OT1/lmss/m/n/10 ([] \OMS/lmsy/m/n/10 ^^@ \T1/lmss/m/sl/10 E \OML/lmm/m/it/10 ;  [] \OT1/lmss/m/n/10 + \T1/lmss/m/sl/10 E\OT1/lmss/m/n/10 )  \OMS/lmsy/m/n/10 ) [][][][][]\OT1/lmss/m/n/10 (\T1/lmss/m/n/10 346 \OMS/lmsy/m/n/10 ^^@ \T1/lmss/m/n/10 1\OML/lmm/m/it/10 :\T1/lmss/m/n/10 872 \OML/lmm/m/it/10 ;  \T1/lmss/m/n/10 346 \OT1/lmss/m/n/10 + \T1/lmss/m/n/10 1\OML/lmm/m/it/10 :\T1/lmss/m/n/10 872\OT1/lmss/m/n/10 )  \OMS/lmsy/m/n/10 ) [][][][][]\OT1/lmss/m/n/10 (\T1/lmss/m/n/10 344\OML/lmm/m/it/10 :\T1/lmss/m/n/10 128  \OML/lmm/m/it/10 ;   \T1/lmss/m/n/10 347\OML/lmm/m/it/10 :\T1/lmss/m/n/10 872\OT1/lmss/m/n/10 )
 []



[158

]
Overfull \hbox (4.94449pt too wide) detected at line 1093
\OT1/lmss/m/n/10 ([] \OMS/lmsy/m/n/10 ^^@ \T1/lmss/m/sl/10 E \OML/lmm/m/it/10 ;  [] \OT1/lmss/m/n/10 + \T1/lmss/m/sl/10 E\OT1/lmss/m/n/10 )  \OMS/lmsy/m/n/10 ) [][][][][]\OT1/lmss/m/n/10 (\T1/lmss/m/n/10 346 \OMS/lmsy/m/n/10 ^^@ \T1/lmss/m/n/10 1\OML/lmm/m/it/10 :\T1/lmss/m/n/10 872 \OML/lmm/m/it/10 ;  \T1/lmss/m/n/10 346 \OT1/lmss/m/n/10 + \T1/lmss/m/n/10 1\OML/lmm/m/it/10 :\T1/lmss/m/n/10 872\OT1/lmss/m/n/10 )  \OMS/lmsy/m/n/10 ) [][][][][]\OT1/lmss/m/n/10 (\T1/lmss/m/n/10 344\OML/lmm/m/it/10 :\T1/lmss/m/n/10 128  \OML/lmm/m/it/10 ;   \T1/lmss/m/n/10 347\OML/lmm/m/it/10 :\T1/lmss/m/n/10 872\OT1/lmss/m/n/10 )
 []



[159

]
Overfull \hbox (4.94449pt too wide) detected at line 1093
\OT1/lmss/m/n/10 ([] \OMS/lmsy/m/n/10 ^^@ \T1/lmss/m/sl/10 E \OML/lmm/m/it/10 ;  [] \OT1/lmss/m/n/10 + \T1/lmss/m/sl/10 E\OT1/lmss/m/n/10 )  \OMS/lmsy/m/n/10 ) [][][][][]\OT1/lmss/m/n/10 (\T1/lmss/m/n/10 346 \OMS/lmsy/m/n/10 ^^@ \T1/lmss/m/n/10 1\OML/lmm/m/it/10 :\T1/lmss/m/n/10 872 \OML/lmm/m/it/10 ;  \T1/lmss/m/n/10 346 \OT1/lmss/m/n/10 + \T1/lmss/m/n/10 1\OML/lmm/m/it/10 :\T1/lmss/m/n/10 872\OT1/lmss/m/n/10 )  \OMS/lmsy/m/n/10 ) [][][][][]\OT1/lmss/m/n/10 (\T1/lmss/m/n/10 344\OML/lmm/m/it/10 :\T1/lmss/m/n/10 128  \OML/lmm/m/it/10 ;   \T1/lmss/m/n/10 347\OML/lmm/m/it/10 :\T1/lmss/m/n/10 872\OT1/lmss/m/n/10 )
 []



[160

]
Overfull \hbox (4.94449pt too wide) detected at line 1093
\OT1/lmss/m/n/10 ([] \OMS/lmsy/m/n/10 ^^@ \T1/lmss/m/sl/10 E \OML/lmm/m/it/10 ;  [] \OT1/lmss/m/n/10 + \T1/lmss/m/sl/10 E\OT1/lmss/m/n/10 )  \OMS/lmsy/m/n/10 ) [][][][][]\OT1/lmss/m/n/10 (\T1/lmss/m/n/10 346 \OMS/lmsy/m/n/10 ^^@ \T1/lmss/m/n/10 1\OML/lmm/m/it/10 :\T1/lmss/m/n/10 872 \OML/lmm/m/it/10 ;  \T1/lmss/m/n/10 346 \OT1/lmss/m/n/10 + \T1/lmss/m/n/10 1\OML/lmm/m/it/10 :\T1/lmss/m/n/10 872\OT1/lmss/m/n/10 )  \OMS/lmsy/m/n/10 ) [][][][][]\OT1/lmss/m/n/10 (\T1/lmss/m/n/10 344\OML/lmm/m/it/10 :\T1/lmss/m/n/10 128  \OML/lmm/m/it/10 ;   \T1/lmss/m/n/10 347\OML/lmm/m/it/10 :\T1/lmss/m/n/10 872\OT1/lmss/m/n/10 )
 []



[161

]
Overfull \hbox (4.94449pt too wide) detected at line 1093
\OT1/lmss/m/n/10 ([] \OMS/lmsy/m/n/10 ^^@ \T1/lmss/m/sl/10 E \OML/lmm/m/it/10 ;  [] \OT1/lmss/m/n/10 + \T1/lmss/m/sl/10 E\OT1/lmss/m/n/10 )  \OMS/lmsy/m/n/10 ) [][][][][]\OT1/lmss/m/n/10 (\T1/lmss/m/n/10 346 \OMS/lmsy/m/n/10 ^^@ \T1/lmss/m/n/10 1\OML/lmm/m/it/10 :\T1/lmss/m/n/10 872 \OML/lmm/m/it/10 ;  \T1/lmss/m/n/10 346 \OT1/lmss/m/n/10 + \T1/lmss/m/n/10 1\OML/lmm/m/it/10 :\T1/lmss/m/n/10 872\OT1/lmss/m/n/10 )  \OMS/lmsy/m/n/10 ) [][][][][]\OT1/lmss/m/n/10 (\T1/lmss/m/n/10 344\OML/lmm/m/it/10 :\T1/lmss/m/n/10 128  \OML/lmm/m/it/10 ;   \T1/lmss/m/n/10 347\OML/lmm/m/it/10 :\T1/lmss/m/n/10 872\OT1/lmss/m/n/10 )
 []



[162

]
Overfull \hbox (4.94449pt too wide) detected at line 1093
\OT1/lmss/m/n/10 ([] \OMS/lmsy/m/n/10 ^^@ \T1/lmss/m/sl/10 E \OML/lmm/m/it/10 ;  [] \OT1/lmss/m/n/10 + \T1/lmss/m/sl/10 E\OT1/lmss/m/n/10 )  \OMS/lmsy/m/n/10 ) [][][][][]\OT1/lmss/m/n/10 (\T1/lmss/m/n/10 346 \OMS/lmsy/m/n/10 ^^@ \T1/lmss/m/n/10 1\OML/lmm/m/it/10 :\T1/lmss/m/n/10 872 \OML/lmm/m/it/10 ;  \T1/lmss/m/n/10 346 \OT1/lmss/m/n/10 + \T1/lmss/m/n/10 1\OML/lmm/m/it/10 :\T1/lmss/m/n/10 872\OT1/lmss/m/n/10 )  \OMS/lmsy/m/n/10 ) [][][][][]\OT1/lmss/m/n/10 (\T1/lmss/m/n/10 344\OML/lmm/m/it/10 :\T1/lmss/m/n/10 128  \OML/lmm/m/it/10 ;   \T1/lmss/m/n/10 347\OML/lmm/m/it/10 :\T1/lmss/m/n/10 872\OT1/lmss/m/n/10 )
 []



[163

]
Overfull \hbox (4.94449pt too wide) detected at line 1093
\OT1/lmss/m/n/10 ([] \OMS/lmsy/m/n/10 ^^@ \T1/lmss/m/sl/10 E \OML/lmm/m/it/10 ;  [] \OT1/lmss/m/n/10 + \T1/lmss/m/sl/10 E\OT1/lmss/m/n/10 )  \OMS/lmsy/m/n/10 ) [][][][][]\OT1/lmss/m/n/10 (\T1/lmss/m/n/10 346 \OMS/lmsy/m/n/10 ^^@ \T1/lmss/m/n/10 1\OML/lmm/m/it/10 :\T1/lmss/m/n/10 872 \OML/lmm/m/it/10 ;  \T1/lmss/m/n/10 346 \OT1/lmss/m/n/10 + \T1/lmss/m/n/10 1\OML/lmm/m/it/10 :\T1/lmss/m/n/10 872\OT1/lmss/m/n/10 )  \OMS/lmsy/m/n/10 ) [][][][][]\OT1/lmss/m/n/10 (\T1/lmss/m/n/10 344\OML/lmm/m/it/10 :\T1/lmss/m/n/10 128  \OML/lmm/m/it/10 ;   \T1/lmss/m/n/10 347\OML/lmm/m/it/10 :\T1/lmss/m/n/10 872\OT1/lmss/m/n/10 )
 []



[164

]
Overfull \hbox (4.94449pt too wide) detected at line 1093
\OT1/lmss/m/n/10 ([] \OMS/lmsy/m/n/10 ^^@ \T1/lmss/m/sl/10 E \OML/lmm/m/it/10 ;  [] \OT1/lmss/m/n/10 + \T1/lmss/m/sl/10 E\OT1/lmss/m/n/10 )  \OMS/lmsy/m/n/10 ) [][][][][]\OT1/lmss/m/n/10 (\T1/lmss/m/n/10 346 \OMS/lmsy/m/n/10 ^^@ \T1/lmss/m/n/10 1\OML/lmm/m/it/10 :\T1/lmss/m/n/10 872 \OML/lmm/m/it/10 ;  \T1/lmss/m/n/10 346 \OT1/lmss/m/n/10 + \T1/lmss/m/n/10 1\OML/lmm/m/it/10 :\T1/lmss/m/n/10 872\OT1/lmss/m/n/10 )  \OMS/lmsy/m/n/10 ) [][][][][]\OT1/lmss/m/n/10 (\T1/lmss/m/n/10 344\OML/lmm/m/it/10 :\T1/lmss/m/n/10 128  \OML/lmm/m/it/10 ;   \T1/lmss/m/n/10 347\OML/lmm/m/it/10 :\T1/lmss/m/n/10 872\OT1/lmss/m/n/10 )
 []



[165

]
Overfull \hbox (4.94449pt too wide) detected at line 1093
\OT1/lmss/m/n/10 ([] \OMS/lmsy/m/n/10 ^^@ \T1/lmss/m/sl/10 E \OML/lmm/m/it/10 ;  [] \OT1/lmss/m/n/10 + \T1/lmss/m/sl/10 E\OT1/lmss/m/n/10 )  \OMS/lmsy/m/n/10 ) [][][][][][][][][][]\OT1/lmss/m/n/10 (\T1/lmss/m/n/10 346 \OMS/lmsy/m/n/10 ^^@ \T1/lmss/m/n/10 1\OML/lmm/m/it/10 :\T1/lmss/m/n/10 872 \OML/lmm/m/it/10 ;  \T1/lmss/m/n/10 346 \OT1/lmss/m/n/10 + \T1/lmss/m/n/10 1\OML/lmm/m/it/10 :\T1/lmss/m/n/10 872\OT1/lmss/m/n/10 )  \OMS/lmsy/m/n/10 ) [][][][][]\OT1/lmss/m/n/10 (\T1/lmss/m/n/10 344\OML/lmm/m/it/10 :\T1/lmss/m/n/10 128  \OML/lmm/m/it/10 ;   \T1/lmss/m/n/10 347\OML/lmm/m/it/10 :\T1/lmss/m/n/10 872\OT1/lmss/m/n/10 )
 []



[166

]
Overfull \hbox (4.94449pt too wide) detected at line 1093
\OT1/lmss/m/n/10 ([] \OMS/lmsy/m/n/10 ^^@ \T1/lmss/m/sl/10 E \OML/lmm/m/it/10 ;  [] \OT1/lmss/m/n/10 + \T1/lmss/m/sl/10 E\OT1/lmss/m/n/10 )  \OMS/lmsy/m/n/10 ) [][][][][][][][][][][][][][]\OT1/lmss/m/n/10 (\T1/lmss/m/n/10 346 \OMS/lmsy/m/n/10 ^^@ \T1/lmss/m/n/10 1\OML/lmm/m/it/10 :\T1/lmss/m/n/10 872 \OML/lmm/m/it/10 ;  \T1/lmss/m/n/10 346 \OT1/lmss/m/n/10 + \T1/lmss/m/n/10 1\OML/lmm/m/it/10 :\T1/lmss/m/n/10 872\OT1/lmss/m/n/10 )  \OMS/lmsy/m/n/10 ) [][][][][][][][][][]\OT1/lmss/m/n/10 (\T1/lmss/m/n/10 344\OML/lmm/m/it/10 :\T1/lmss/m/n/10 128  \OML/lmm/m/it/10 ;   \T1/lmss/m/n/10 347\OML/lmm/m/it/10 :\T1/lmss/m/n/10 872\OT1/lmss/m/n/10 )
 []



[167

]
Overfull \hbox (4.94449pt too wide) detected at line 1093
\OT1/lmss/m/n/10 ([] \OMS/lmsy/m/n/10 ^^@ \T1/lmss/m/sl/10 E \OML/lmm/m/it/10 ;  [] \OT1/lmss/m/n/10 + \T1/lmss/m/sl/10 E\OT1/lmss/m/n/10 )  \OMS/lmsy/m/n/10 ) [][][][][][][][][][][][][][]\OT1/lmss/m/n/10 (\T1/lmss/m/n/10 346 \OMS/lmsy/m/n/10 ^^@ \T1/lmss/m/n/10 1\OML/lmm/m/it/10 :\T1/lmss/m/n/10 872 \OML/lmm/m/it/10 ;  \T1/lmss/m/n/10 346 \OT1/lmss/m/n/10 + \T1/lmss/m/n/10 1\OML/lmm/m/it/10 :\T1/lmss/m/n/10 872\OT1/lmss/m/n/10 )  \OMS/lmsy/m/n/10 ) [][][][][][][][][][][][][][]\OT1/lmss/m/n/10 (\T1/lmss/m/n/10 344\OML/lmm/m/it/10 :\T1/lmss/m/n/10 128  \OML/lmm/m/it/10 ;   \T1/lmss/m/n/10 347\OML/lmm/m/it/10 :\T1/lmss/m/n/10 872\OT1/lmss/m/n/10 )
 []



[168

]

[169

]

[170

]

[171

]

[172

]

[173

]

[174

]

[175

]

[176

]

[177

]

[178

]

[179

]

[180

]

[181

]

[182

]

[183

]

[184

]

[185

]

[186

]

[187

]

[188

]

[189

]

[190

]

[191

]

[192

]

[193

]

[194

]

[195

]

[196

]

[197

]

[198

]

[199

]

[200

]

[201

]

[202

]

[203

]

[204

]

[205

]

[206

]

[207

]

[208

]

[209

]

[210

]

[211

]

[212

]

[213

]

[214

]

[215

]

[216

]

[217

]

[218

]

[219

]

[220

]

[221

]

[222

]

[223

]

[224

]

[225

]

[226

]

[227

]
\tf@nav=\write5
\openout5 = `Unidade_VI.nav'.

\tf@toc=\write6
\openout6 = `Unidade_VI.toc'.

\tf@snm=\write7
\openout7 = `Unidade_VI.snm'.

(./Unidade_VI.aux)
 ***********
LaTeX2e <2025-06-01> patch level 1
L3 programming layer <2025-10-09>
 ***********
 ) 
Here is how much of TeX's memory you used:
 24709 strings out of 469708
 472638 string characters out of 5474690
 871858 words of memory out of 5000000
 51993 multiletter control sequences out of 15000+600000
 722096 words of font info for 179 fonts, out of 8000000 for 9000
 16 hyphenation exceptions out of 8191
 101i,11n,107p,1007b,654s stack positions out of 10000i,1000n,20000p,200000b,200000s
<c:/Users/jafio/AppData/Roaming/TinyTeX/texmf-dist/fonts/type1/public/lm/lmex10.pfb><c:/Users/jafio/AppData/Roaming/TinyTeX/texmf-dist/fonts/type1/public/lm/lmmi10.pfb><c:/Users/jafio/AppData/Roaming/TinyTeX/texmf-dist/fonts/type1/public/lm/lmmi6.pfb><c:/Users/jafio/AppData/Roaming/TinyTeX/texmf-dist/fonts/type1/public/lm/lmmi7.pfb><c:/Users/jafio/AppData/Roaming/TinyTeX/texmf-dist/fonts/type1/public/lm/lmmi8.pfb><c:/Users/jafio/AppData/Roaming/TinyTeX/texmf-dist/fonts/type1/public/lm/lmmi9.pfb><c:/Users/jafio/AppData/Roaming/TinyTeX/texmf-dist/fonts/type1/public/lm/lmss10.pfb><c:/Users/jafio/AppData/Roaming/TinyTeX/texmf-dist/fonts/type1/public/lm/lmss12.pfb><c:/Users/jafio/AppData/Roaming/TinyTeX/texmf-dist/fonts/type1/public/lm/lmss8.pfb><c:/Users/jafio/AppData/Roaming/TinyTeX/texmf-dist/fonts/type1/public/lm/lmss9.pfb><c:/Users/jafio/AppData/Roaming/TinyTeX/texmf-dist/fonts/type1/public/lm/lmssbx10.pfb><c:/Users/jafio/AppData/Roaming/TinyTeX/texmf-dist/fonts/type1/public/lm/lmsso10.pfb><c:/Users/jafio/AppData/Roaming/TinyTeX/texmf-dist/fonts/type1/public/lm/lmsso8.pfb><c:/Users/jafio/AppData/Roaming/TinyTeX/texmf-dist/fonts/type1/public/lm/lmsso9.pfb><c:/Users/jafio/AppData/Roaming/TinyTeX/texmf-dist/fonts/type1/public/lm/lmsy10.pfb><c:/Users/jafio/AppData/Roaming/TinyTeX/texmf-dist/fonts/type1/public/lm/lmsy6.pfb><c:/Users/jafio/AppData/Roaming/TinyTeX/texmf-dist/fonts/type1/public/lm/lmsy7.pfb><c:/Users/jafio/AppData/Roaming/TinyTeX/texmf-dist/fonts/type1/public/lm/lmsy9.pfb><c:/Users/jafio/AppData/Roaming/TinyTeX/texmf-dist/fonts/type1/public/amsfonts/symbols/msam10.pfb>
Output written on Unidade_VI.pdf (227 pages, 1042641 bytes).
PDF statistics:
 1528 PDF objects out of 1728 (max. 8388607)
 1233 compressed objects within 13 object streams
 508 named destinations out of 1000 (max. 500000)
 57458 words of extra memory for PDF output out of 61914 (max. 10000000)

